[2024-02-29T07:28:44.057+0000] {processor.py:161} INFO - Started process (PID=169) to work on /opt/airflow/dags/dog_api_pipeline.py
[2024-02-29T07:28:44.058+0000] {processor.py:830} INFO - Processing file /opt/airflow/dags/dog_api_pipeline.py for tasks to queue
[2024-02-29T07:28:44.059+0000] {logging_mixin.py:188} INFO - [2024-02-29T07:28:44.059+0000] {dagbag.py:538} INFO - Filling up the DagBag from /opt/airflow/dags/dog_api_pipeline.py
[2024-02-29T07:28:44.071+0000] {processor.py:840} INFO - DAG(s) 'dog_api_pipeline' retrieved from /opt/airflow/dags/dog_api_pipeline.py
[2024-02-29T07:28:44.154+0000] {logging_mixin.py:188} INFO - [2024-02-29T07:28:44.154+0000] {dag.py:3033} INFO - Sync 1 DAGs
[2024-02-29T07:28:44.190+0000] {logging_mixin.py:188} INFO - [2024-02-29T07:28:44.189+0000] {dag.py:3820} INFO - Setting next_dagrun for dog_api_pipeline to None, run_after=None
[2024-02-29T07:28:44.267+0000] {processor.py:183} INFO - Processing /opt/airflow/dags/dog_api_pipeline.py took 0.213 seconds
[2024-02-29T07:29:45.704+0000] {processor.py:161} INFO - Started process (PID=170) to work on /opt/airflow/dags/dog_api_pipeline.py
[2024-02-29T07:29:45.705+0000] {processor.py:830} INFO - Processing file /opt/airflow/dags/dog_api_pipeline.py for tasks to queue
[2024-02-29T07:29:45.706+0000] {logging_mixin.py:188} INFO - [2024-02-29T07:29:45.705+0000] {dagbag.py:538} INFO - Filling up the DagBag from /opt/airflow/dags/dog_api_pipeline.py
[2024-02-29T07:29:45.724+0000] {processor.py:840} INFO - DAG(s) 'dog_api_pipeline' retrieved from /opt/airflow/dags/dog_api_pipeline.py
[2024-02-29T07:29:46.051+0000] {logging_mixin.py:188} INFO - [2024-02-29T07:29:46.051+0000] {dag.py:3033} INFO - Sync 1 DAGs
[2024-02-29T07:29:46.065+0000] {logging_mixin.py:188} INFO - [2024-02-29T07:29:46.064+0000] {dag.py:3820} INFO - Setting next_dagrun for dog_api_pipeline to None, run_after=None
[2024-02-29T07:29:46.092+0000] {processor.py:183} INFO - Processing /opt/airflow/dags/dog_api_pipeline.py took 0.391 seconds
[2024-02-29T07:30:16.331+0000] {processor.py:161} INFO - Started process (PID=192) to work on /opt/airflow/dags/dog_api_pipeline.py
[2024-02-29T07:30:16.335+0000] {processor.py:830} INFO - Processing file /opt/airflow/dags/dog_api_pipeline.py for tasks to queue
[2024-02-29T07:30:16.336+0000] {logging_mixin.py:188} INFO - [2024-02-29T07:30:16.336+0000] {dagbag.py:538} INFO - Filling up the DagBag from /opt/airflow/dags/dog_api_pipeline.py
[2024-02-29T07:30:16.342+0000] {processor.py:840} INFO - DAG(s) 'dog_api_pipeline' retrieved from /opt/airflow/dags/dog_api_pipeline.py
[2024-02-29T07:30:16.368+0000] {logging_mixin.py:188} INFO - [2024-02-29T07:30:16.368+0000] {dag.py:3033} INFO - Sync 1 DAGs
[2024-02-29T07:30:16.383+0000] {logging_mixin.py:188} INFO - [2024-02-29T07:30:16.383+0000] {dag.py:3820} INFO - Setting next_dagrun for dog_api_pipeline to None, run_after=None
[2024-02-29T07:30:16.406+0000] {processor.py:183} INFO - Processing /opt/airflow/dags/dog_api_pipeline.py took 0.077 seconds
[2024-02-29T07:30:46.467+0000] {processor.py:161} INFO - Started process (PID=222) to work on /opt/airflow/dags/dog_api_pipeline.py
[2024-02-29T07:30:46.467+0000] {processor.py:830} INFO - Processing file /opt/airflow/dags/dog_api_pipeline.py for tasks to queue
[2024-02-29T07:30:46.468+0000] {logging_mixin.py:188} INFO - [2024-02-29T07:30:46.468+0000] {dagbag.py:538} INFO - Filling up the DagBag from /opt/airflow/dags/dog_api_pipeline.py
[2024-02-29T07:30:46.475+0000] {processor.py:840} INFO - DAG(s) 'dog_api_pipeline' retrieved from /opt/airflow/dags/dog_api_pipeline.py
[2024-02-29T07:30:46.496+0000] {logging_mixin.py:188} INFO - [2024-02-29T07:30:46.495+0000] {dag.py:3033} INFO - Sync 1 DAGs
[2024-02-29T07:30:46.505+0000] {logging_mixin.py:188} INFO - [2024-02-29T07:30:46.505+0000] {dag.py:3820} INFO - Setting next_dagrun for dog_api_pipeline to None, run_after=None
[2024-02-29T07:30:46.525+0000] {processor.py:183} INFO - Processing /opt/airflow/dags/dog_api_pipeline.py took 0.061 seconds
[2024-02-29T07:31:16.673+0000] {processor.py:161} INFO - Started process (PID=246) to work on /opt/airflow/dags/dog_api_pipeline.py
[2024-02-29T07:31:16.673+0000] {processor.py:830} INFO - Processing file /opt/airflow/dags/dog_api_pipeline.py for tasks to queue
[2024-02-29T07:31:16.674+0000] {logging_mixin.py:188} INFO - [2024-02-29T07:31:16.674+0000] {dagbag.py:538} INFO - Filling up the DagBag from /opt/airflow/dags/dog_api_pipeline.py
[2024-02-29T07:31:16.684+0000] {processor.py:840} INFO - DAG(s) 'dog_api_pipeline' retrieved from /opt/airflow/dags/dog_api_pipeline.py
[2024-02-29T07:31:16.707+0000] {logging_mixin.py:188} INFO - [2024-02-29T07:31:16.707+0000] {dag.py:3033} INFO - Sync 1 DAGs
[2024-02-29T07:31:16.717+0000] {logging_mixin.py:188} INFO - [2024-02-29T07:31:16.717+0000] {dag.py:3820} INFO - Setting next_dagrun for dog_api_pipeline to None, run_after=None
[2024-02-29T07:31:16.738+0000] {processor.py:183} INFO - Processing /opt/airflow/dags/dog_api_pipeline.py took 0.069 seconds
[2024-02-29T07:31:46.961+0000] {processor.py:161} INFO - Started process (PID=299) to work on /opt/airflow/dags/dog_api_pipeline.py
[2024-02-29T07:31:46.962+0000] {processor.py:830} INFO - Processing file /opt/airflow/dags/dog_api_pipeline.py for tasks to queue
[2024-02-29T07:31:46.962+0000] {logging_mixin.py:188} INFO - [2024-02-29T07:31:46.962+0000] {dagbag.py:538} INFO - Filling up the DagBag from /opt/airflow/dags/dog_api_pipeline.py
[2024-02-29T07:31:46.972+0000] {processor.py:840} INFO - DAG(s) 'dog_api_pipeline' retrieved from /opt/airflow/dags/dog_api_pipeline.py
[2024-02-29T07:31:47.001+0000] {logging_mixin.py:188} INFO - [2024-02-29T07:31:47.001+0000] {dag.py:3033} INFO - Sync 1 DAGs
[2024-02-29T07:31:47.019+0000] {logging_mixin.py:188} INFO - [2024-02-29T07:31:47.019+0000] {dag.py:3820} INFO - Setting next_dagrun for dog_api_pipeline to None, run_after=None
[2024-02-29T07:31:47.047+0000] {processor.py:183} INFO - Processing /opt/airflow/dags/dog_api_pipeline.py took 0.090 seconds
[2024-02-29T07:32:17.418+0000] {processor.py:161} INFO - Started process (PID=371) to work on /opt/airflow/dags/dog_api_pipeline.py
[2024-02-29T07:32:17.418+0000] {processor.py:830} INFO - Processing file /opt/airflow/dags/dog_api_pipeline.py for tasks to queue
[2024-02-29T07:32:17.419+0000] {logging_mixin.py:188} INFO - [2024-02-29T07:32:17.418+0000] {dagbag.py:538} INFO - Filling up the DagBag from /opt/airflow/dags/dog_api_pipeline.py
[2024-02-29T07:32:17.425+0000] {processor.py:840} INFO - DAG(s) 'dog_api_pipeline' retrieved from /opt/airflow/dags/dog_api_pipeline.py
[2024-02-29T07:32:17.446+0000] {logging_mixin.py:188} INFO - [2024-02-29T07:32:17.446+0000] {dag.py:3033} INFO - Sync 1 DAGs
[2024-02-29T07:32:17.456+0000] {logging_mixin.py:188} INFO - [2024-02-29T07:32:17.456+0000] {dag.py:3820} INFO - Setting next_dagrun for dog_api_pipeline to None, run_after=None
[2024-02-29T07:32:17.476+0000] {processor.py:183} INFO - Processing /opt/airflow/dags/dog_api_pipeline.py took 0.061 seconds
[2024-02-29T07:32:47.663+0000] {processor.py:161} INFO - Started process (PID=408) to work on /opt/airflow/dags/dog_api_pipeline.py
[2024-02-29T07:32:47.664+0000] {processor.py:830} INFO - Processing file /opt/airflow/dags/dog_api_pipeline.py for tasks to queue
[2024-02-29T07:32:47.664+0000] {logging_mixin.py:188} INFO - [2024-02-29T07:32:47.664+0000] {dagbag.py:538} INFO - Filling up the DagBag from /opt/airflow/dags/dog_api_pipeline.py
[2024-02-29T07:32:47.671+0000] {processor.py:840} INFO - DAG(s) 'dog_api_pipeline' retrieved from /opt/airflow/dags/dog_api_pipeline.py
[2024-02-29T07:32:47.691+0000] {logging_mixin.py:188} INFO - [2024-02-29T07:32:47.691+0000] {dag.py:3033} INFO - Sync 1 DAGs
[2024-02-29T07:32:47.701+0000] {logging_mixin.py:188} INFO - [2024-02-29T07:32:47.701+0000] {dag.py:3820} INFO - Setting next_dagrun for dog_api_pipeline to None, run_after=None
[2024-02-29T07:32:47.722+0000] {processor.py:183} INFO - Processing /opt/airflow/dags/dog_api_pipeline.py took 0.061 seconds
[2024-02-29T07:33:17.877+0000] {processor.py:161} INFO - Started process (PID=445) to work on /opt/airflow/dags/dog_api_pipeline.py
[2024-02-29T07:33:17.878+0000] {processor.py:830} INFO - Processing file /opt/airflow/dags/dog_api_pipeline.py for tasks to queue
[2024-02-29T07:33:17.879+0000] {logging_mixin.py:188} INFO - [2024-02-29T07:33:17.879+0000] {dagbag.py:538} INFO - Filling up the DagBag from /opt/airflow/dags/dog_api_pipeline.py
[2024-02-29T07:33:17.888+0000] {processor.py:840} INFO - DAG(s) 'dog_api_pipeline' retrieved from /opt/airflow/dags/dog_api_pipeline.py
[2024-02-29T07:33:17.915+0000] {logging_mixin.py:188} INFO - [2024-02-29T07:33:17.915+0000] {dag.py:3033} INFO - Sync 1 DAGs
[2024-02-29T07:33:17.928+0000] {logging_mixin.py:188} INFO - [2024-02-29T07:33:17.928+0000] {dag.py:3820} INFO - Setting next_dagrun for dog_api_pipeline to None, run_after=None
[2024-02-29T07:33:17.952+0000] {processor.py:183} INFO - Processing /opt/airflow/dags/dog_api_pipeline.py took 0.078 seconds
[2024-02-29T07:33:48.018+0000] {processor.py:161} INFO - Started process (PID=472) to work on /opt/airflow/dags/dog_api_pipeline.py
[2024-02-29T07:33:48.018+0000] {processor.py:830} INFO - Processing file /opt/airflow/dags/dog_api_pipeline.py for tasks to queue
[2024-02-29T07:33:48.019+0000] {logging_mixin.py:188} INFO - [2024-02-29T07:33:48.019+0000] {dagbag.py:538} INFO - Filling up the DagBag from /opt/airflow/dags/dog_api_pipeline.py
[2024-02-29T07:33:48.026+0000] {processor.py:840} INFO - DAG(s) 'dog_api_pipeline' retrieved from /opt/airflow/dags/dog_api_pipeline.py
[2024-02-29T07:33:48.047+0000] {logging_mixin.py:188} INFO - [2024-02-29T07:33:48.047+0000] {dag.py:3033} INFO - Sync 1 DAGs
[2024-02-29T07:33:48.058+0000] {logging_mixin.py:188} INFO - [2024-02-29T07:33:48.057+0000] {dag.py:3820} INFO - Setting next_dagrun for dog_api_pipeline to None, run_after=None
[2024-02-29T07:33:48.079+0000] {processor.py:183} INFO - Processing /opt/airflow/dags/dog_api_pipeline.py took 0.065 seconds
[2024-02-29T07:34:18.681+0000] {processor.py:161} INFO - Started process (PID=533) to work on /opt/airflow/dags/dog_api_pipeline.py
[2024-02-29T07:34:18.682+0000] {processor.py:830} INFO - Processing file /opt/airflow/dags/dog_api_pipeline.py for tasks to queue
[2024-02-29T07:34:18.683+0000] {logging_mixin.py:188} INFO - [2024-02-29T07:34:18.683+0000] {dagbag.py:538} INFO - Filling up the DagBag from /opt/airflow/dags/dog_api_pipeline.py
[2024-02-29T07:34:18.701+0000] {processor.py:840} INFO - DAG(s) 'dog_api_pipeline' retrieved from /opt/airflow/dags/dog_api_pipeline.py
[2024-02-29T07:34:18.734+0000] {logging_mixin.py:188} INFO - [2024-02-29T07:34:18.733+0000] {dag.py:3033} INFO - Sync 1 DAGs
[2024-02-29T07:34:18.753+0000] {logging_mixin.py:188} INFO - [2024-02-29T07:34:18.753+0000] {dag.py:3820} INFO - Setting next_dagrun for dog_api_pipeline to None, run_after=None
[2024-02-29T07:34:18.782+0000] {processor.py:183} INFO - Processing /opt/airflow/dags/dog_api_pipeline.py took 0.104 seconds
[2024-02-29T07:34:48.900+0000] {processor.py:161} INFO - Started process (PID=584) to work on /opt/airflow/dags/dog_api_pipeline.py
[2024-02-29T07:34:48.902+0000] {processor.py:830} INFO - Processing file /opt/airflow/dags/dog_api_pipeline.py for tasks to queue
[2024-02-29T07:34:48.903+0000] {logging_mixin.py:188} INFO - [2024-02-29T07:34:48.903+0000] {dagbag.py:538} INFO - Filling up the DagBag from /opt/airflow/dags/dog_api_pipeline.py
[2024-02-29T07:34:48.920+0000] {processor.py:840} INFO - DAG(s) 'dog_api_pipeline' retrieved from /opt/airflow/dags/dog_api_pipeline.py
[2024-02-29T07:34:48.959+0000] {logging_mixin.py:188} INFO - [2024-02-29T07:34:48.959+0000] {dag.py:3033} INFO - Sync 1 DAGs
[2024-02-29T07:34:48.974+0000] {logging_mixin.py:188} INFO - [2024-02-29T07:34:48.974+0000] {dag.py:3820} INFO - Setting next_dagrun for dog_api_pipeline to None, run_after=None
[2024-02-29T07:34:48.998+0000] {processor.py:183} INFO - Processing /opt/airflow/dags/dog_api_pipeline.py took 0.101 seconds
[2024-02-29T07:35:19.079+0000] {processor.py:161} INFO - Started process (PID=615) to work on /opt/airflow/dags/dog_api_pipeline.py
[2024-02-29T07:35:19.080+0000] {processor.py:830} INFO - Processing file /opt/airflow/dags/dog_api_pipeline.py for tasks to queue
[2024-02-29T07:35:19.080+0000] {logging_mixin.py:188} INFO - [2024-02-29T07:35:19.080+0000] {dagbag.py:538} INFO - Filling up the DagBag from /opt/airflow/dags/dog_api_pipeline.py
[2024-02-29T07:35:19.088+0000] {processor.py:840} INFO - DAG(s) 'dog_api_pipeline' retrieved from /opt/airflow/dags/dog_api_pipeline.py
[2024-02-29T07:35:19.109+0000] {logging_mixin.py:188} INFO - [2024-02-29T07:35:19.108+0000] {dag.py:3033} INFO - Sync 1 DAGs
[2024-02-29T07:35:19.118+0000] {logging_mixin.py:188} INFO - [2024-02-29T07:35:19.118+0000] {dag.py:3820} INFO - Setting next_dagrun for dog_api_pipeline to None, run_after=None
[2024-02-29T07:35:19.143+0000] {processor.py:183} INFO - Processing /opt/airflow/dags/dog_api_pipeline.py took 0.066 seconds
[2024-02-29T07:35:49.355+0000] {processor.py:161} INFO - Started process (PID=646) to work on /opt/airflow/dags/dog_api_pipeline.py
[2024-02-29T07:35:49.356+0000] {processor.py:830} INFO - Processing file /opt/airflow/dags/dog_api_pipeline.py for tasks to queue
[2024-02-29T07:35:49.356+0000] {logging_mixin.py:188} INFO - [2024-02-29T07:35:49.356+0000] {dagbag.py:538} INFO - Filling up the DagBag from /opt/airflow/dags/dog_api_pipeline.py
[2024-02-29T07:35:49.365+0000] {processor.py:840} INFO - DAG(s) 'dog_api_pipeline' retrieved from /opt/airflow/dags/dog_api_pipeline.py
[2024-02-29T07:35:49.392+0000] {logging_mixin.py:188} INFO - [2024-02-29T07:35:49.392+0000] {dag.py:3033} INFO - Sync 1 DAGs
[2024-02-29T07:35:49.405+0000] {logging_mixin.py:188} INFO - [2024-02-29T07:35:49.405+0000] {dag.py:3820} INFO - Setting next_dagrun for dog_api_pipeline to None, run_after=None
[2024-02-29T07:35:49.430+0000] {processor.py:183} INFO - Processing /opt/airflow/dags/dog_api_pipeline.py took 0.078 seconds
[2024-02-29T07:36:19.676+0000] {processor.py:161} INFO - Started process (PID=717) to work on /opt/airflow/dags/dog_api_pipeline.py
[2024-02-29T07:36:19.677+0000] {processor.py:830} INFO - Processing file /opt/airflow/dags/dog_api_pipeline.py for tasks to queue
[2024-02-29T07:36:19.678+0000] {logging_mixin.py:188} INFO - [2024-02-29T07:36:19.677+0000] {dagbag.py:538} INFO - Filling up the DagBag from /opt/airflow/dags/dog_api_pipeline.py
[2024-02-29T07:36:19.688+0000] {processor.py:840} INFO - DAG(s) 'dog_api_pipeline' retrieved from /opt/airflow/dags/dog_api_pipeline.py
[2024-02-29T07:36:19.717+0000] {logging_mixin.py:188} INFO - [2024-02-29T07:36:19.717+0000] {dag.py:3033} INFO - Sync 1 DAGs
[2024-02-29T07:36:19.732+0000] {logging_mixin.py:188} INFO - [2024-02-29T07:36:19.732+0000] {dag.py:3820} INFO - Setting next_dagrun for dog_api_pipeline to None, run_after=None
[2024-02-29T07:36:19.756+0000] {processor.py:183} INFO - Processing /opt/airflow/dags/dog_api_pipeline.py took 0.088 seconds
[2024-02-29T07:36:49.896+0000] {processor.py:161} INFO - Started process (PID=763) to work on /opt/airflow/dags/dog_api_pipeline.py
[2024-02-29T07:36:49.896+0000] {processor.py:830} INFO - Processing file /opt/airflow/dags/dog_api_pipeline.py for tasks to queue
[2024-02-29T07:36:49.897+0000] {logging_mixin.py:188} INFO - [2024-02-29T07:36:49.897+0000] {dagbag.py:538} INFO - Filling up the DagBag from /opt/airflow/dags/dog_api_pipeline.py
[2024-02-29T07:36:49.906+0000] {processor.py:840} INFO - DAG(s) 'dog_api_pipeline' retrieved from /opt/airflow/dags/dog_api_pipeline.py
[2024-02-29T07:36:49.933+0000] {logging_mixin.py:188} INFO - [2024-02-29T07:36:49.933+0000] {dag.py:3033} INFO - Sync 1 DAGs
[2024-02-29T07:36:49.943+0000] {logging_mixin.py:188} INFO - [2024-02-29T07:36:49.943+0000] {dag.py:3820} INFO - Setting next_dagrun for dog_api_pipeline to None, run_after=None
[2024-02-29T07:36:49.961+0000] {processor.py:183} INFO - Processing /opt/airflow/dags/dog_api_pipeline.py took 0.069 seconds
[2024-02-29T07:37:20.088+0000] {processor.py:161} INFO - Started process (PID=789) to work on /opt/airflow/dags/dog_api_pipeline.py
[2024-02-29T07:37:20.089+0000] {processor.py:830} INFO - Processing file /opt/airflow/dags/dog_api_pipeline.py for tasks to queue
[2024-02-29T07:37:20.090+0000] {logging_mixin.py:188} INFO - [2024-02-29T07:37:20.090+0000] {dagbag.py:538} INFO - Filling up the DagBag from /opt/airflow/dags/dog_api_pipeline.py
[2024-02-29T07:37:20.099+0000] {processor.py:840} INFO - DAG(s) 'dog_api_pipeline' retrieved from /opt/airflow/dags/dog_api_pipeline.py
[2024-02-29T07:37:20.125+0000] {logging_mixin.py:188} INFO - [2024-02-29T07:37:20.124+0000] {dag.py:3033} INFO - Sync 1 DAGs
[2024-02-29T07:37:20.135+0000] {logging_mixin.py:188} INFO - [2024-02-29T07:37:20.135+0000] {dag.py:3820} INFO - Setting next_dagrun for dog_api_pipeline to None, run_after=None
[2024-02-29T07:37:20.168+0000] {processor.py:183} INFO - Processing /opt/airflow/dags/dog_api_pipeline.py took 0.082 seconds
[2024-02-29T07:37:50.389+0000] {processor.py:161} INFO - Started process (PID=842) to work on /opt/airflow/dags/dog_api_pipeline.py
[2024-02-29T07:37:50.389+0000] {processor.py:830} INFO - Processing file /opt/airflow/dags/dog_api_pipeline.py for tasks to queue
[2024-02-29T07:37:50.390+0000] {logging_mixin.py:188} INFO - [2024-02-29T07:37:50.390+0000] {dagbag.py:538} INFO - Filling up the DagBag from /opt/airflow/dags/dog_api_pipeline.py
[2024-02-29T07:37:50.397+0000] {processor.py:840} INFO - DAG(s) 'dog_api_pipeline' retrieved from /opt/airflow/dags/dog_api_pipeline.py
[2024-02-29T07:37:50.418+0000] {logging_mixin.py:188} INFO - [2024-02-29T07:37:50.418+0000] {dag.py:3033} INFO - Sync 1 DAGs
[2024-02-29T07:37:50.427+0000] {logging_mixin.py:188} INFO - [2024-02-29T07:37:50.427+0000] {dag.py:3820} INFO - Setting next_dagrun for dog_api_pipeline to None, run_after=None
[2024-02-29T07:37:50.447+0000] {processor.py:183} INFO - Processing /opt/airflow/dags/dog_api_pipeline.py took 0.061 seconds
[2024-02-29T07:38:13.863+0000] {processor.py:161} INFO - Started process (PID=878) to work on /opt/airflow/dags/dog_api_pipeline.py
[2024-02-29T07:38:13.864+0000] {processor.py:830} INFO - Processing file /opt/airflow/dags/dog_api_pipeline.py for tasks to queue
[2024-02-29T07:38:13.865+0000] {logging_mixin.py:188} INFO - [2024-02-29T07:38:13.865+0000] {dagbag.py:538} INFO - Filling up the DagBag from /opt/airflow/dags/dog_api_pipeline.py
[2024-02-29T07:38:13.875+0000] {processor.py:840} INFO - DAG(s) 'dog_api_pipeline' retrieved from /opt/airflow/dags/dog_api_pipeline.py
[2024-02-29T07:38:13.908+0000] {logging_mixin.py:188} INFO - [2024-02-29T07:38:13.908+0000] {dag.py:3033} INFO - Sync 1 DAGs
[2024-02-29T07:38:13.925+0000] {logging_mixin.py:188} INFO - [2024-02-29T07:38:13.925+0000] {dag.py:3820} INFO - Setting next_dagrun for dog_api_pipeline to None, run_after=None
[2024-02-29T07:38:13.952+0000] {processor.py:183} INFO - Processing /opt/airflow/dags/dog_api_pipeline.py took 0.093 seconds
[2024-02-29T07:38:15.870+0000] {processor.py:161} INFO - Started process (PID=883) to work on /opt/airflow/dags/dog_api_pipeline.py
[2024-02-29T07:38:15.870+0000] {processor.py:830} INFO - Processing file /opt/airflow/dags/dog_api_pipeline.py for tasks to queue
[2024-02-29T07:38:15.871+0000] {logging_mixin.py:188} INFO - [2024-02-29T07:38:15.871+0000] {dagbag.py:538} INFO - Filling up the DagBag from /opt/airflow/dags/dog_api_pipeline.py
[2024-02-29T07:38:15.879+0000] {processor.py:840} INFO - DAG(s) 'dog_api_pipeline' retrieved from /opt/airflow/dags/dog_api_pipeline.py
[2024-02-29T07:38:15.923+0000] {logging_mixin.py:188} INFO - [2024-02-29T07:38:15.923+0000] {dag.py:3033} INFO - Sync 1 DAGs
[2024-02-29T07:38:15.954+0000] {logging_mixin.py:188} INFO - [2024-02-29T07:38:15.954+0000] {dag.py:3820} INFO - Setting next_dagrun for dog_api_pipeline to None, run_after=None
[2024-02-29T07:38:16.062+0000] {processor.py:183} INFO - Processing /opt/airflow/dags/dog_api_pipeline.py took 0.195 seconds
[2024-02-29T07:38:46.125+0000] {processor.py:161} INFO - Started process (PID=911) to work on /opt/airflow/dags/dog_api_pipeline.py
[2024-02-29T07:38:46.126+0000] {processor.py:830} INFO - Processing file /opt/airflow/dags/dog_api_pipeline.py for tasks to queue
[2024-02-29T07:38:46.127+0000] {logging_mixin.py:188} INFO - [2024-02-29T07:38:46.126+0000] {dagbag.py:538} INFO - Filling up the DagBag from /opt/airflow/dags/dog_api_pipeline.py
[2024-02-29T07:38:46.133+0000] {processor.py:840} INFO - DAG(s) 'dog_api_pipeline' retrieved from /opt/airflow/dags/dog_api_pipeline.py
[2024-02-29T07:38:46.155+0000] {logging_mixin.py:188} INFO - [2024-02-29T07:38:46.154+0000] {dag.py:3033} INFO - Sync 1 DAGs
[2024-02-29T07:38:46.164+0000] {logging_mixin.py:188} INFO - [2024-02-29T07:38:46.164+0000] {dag.py:3820} INFO - Setting next_dagrun for dog_api_pipeline to None, run_after=None
[2024-02-29T07:38:46.186+0000] {processor.py:183} INFO - Processing /opt/airflow/dags/dog_api_pipeline.py took 0.063 seconds
[2024-02-29T07:39:16.328+0000] {processor.py:161} INFO - Started process (PID=937) to work on /opt/airflow/dags/dog_api_pipeline.py
[2024-02-29T07:39:16.329+0000] {processor.py:830} INFO - Processing file /opt/airflow/dags/dog_api_pipeline.py for tasks to queue
[2024-02-29T07:39:16.329+0000] {logging_mixin.py:188} INFO - [2024-02-29T07:39:16.329+0000] {dagbag.py:538} INFO - Filling up the DagBag from /opt/airflow/dags/dog_api_pipeline.py
[2024-02-29T07:39:16.336+0000] {processor.py:840} INFO - DAG(s) 'dog_api_pipeline' retrieved from /opt/airflow/dags/dog_api_pipeline.py
[2024-02-29T07:39:16.357+0000] {logging_mixin.py:188} INFO - [2024-02-29T07:39:16.357+0000] {dag.py:3033} INFO - Sync 1 DAGs
[2024-02-29T07:39:16.367+0000] {logging_mixin.py:188} INFO - [2024-02-29T07:39:16.367+0000] {dag.py:3820} INFO - Setting next_dagrun for dog_api_pipeline to None, run_after=None
[2024-02-29T07:39:16.390+0000] {processor.py:183} INFO - Processing /opt/airflow/dags/dog_api_pipeline.py took 0.066 seconds
[2024-02-29T07:39:46.730+0000] {processor.py:161} INFO - Started process (PID=990) to work on /opt/airflow/dags/dog_api_pipeline.py
[2024-02-29T07:39:46.731+0000] {processor.py:830} INFO - Processing file /opt/airflow/dags/dog_api_pipeline.py for tasks to queue
[2024-02-29T07:39:46.732+0000] {logging_mixin.py:188} INFO - [2024-02-29T07:39:46.732+0000] {dagbag.py:538} INFO - Filling up the DagBag from /opt/airflow/dags/dog_api_pipeline.py
[2024-02-29T07:39:46.742+0000] {processor.py:840} INFO - DAG(s) 'dog_api_pipeline' retrieved from /opt/airflow/dags/dog_api_pipeline.py
[2024-02-29T07:39:46.768+0000] {logging_mixin.py:188} INFO - [2024-02-29T07:39:46.768+0000] {dag.py:3033} INFO - Sync 1 DAGs
[2024-02-29T07:39:46.783+0000] {logging_mixin.py:188} INFO - [2024-02-29T07:39:46.783+0000] {dag.py:3820} INFO - Setting next_dagrun for dog_api_pipeline to None, run_after=None
[2024-02-29T07:39:46.802+0000] {processor.py:183} INFO - Processing /opt/airflow/dags/dog_api_pipeline.py took 0.076 seconds
[2024-02-29T07:40:17.014+0000] {processor.py:161} INFO - Started process (PID=1029) to work on /opt/airflow/dags/dog_api_pipeline.py
[2024-02-29T07:40:17.015+0000] {processor.py:830} INFO - Processing file /opt/airflow/dags/dog_api_pipeline.py for tasks to queue
[2024-02-29T07:40:17.016+0000] {logging_mixin.py:188} INFO - [2024-02-29T07:40:17.016+0000] {dagbag.py:538} INFO - Filling up the DagBag from /opt/airflow/dags/dog_api_pipeline.py
[2024-02-29T07:40:17.023+0000] {processor.py:840} INFO - DAG(s) 'dog_api_pipeline' retrieved from /opt/airflow/dags/dog_api_pipeline.py
[2024-02-29T07:40:17.044+0000] {logging_mixin.py:188} INFO - [2024-02-29T07:40:17.044+0000] {dag.py:3033} INFO - Sync 1 DAGs
[2024-02-29T07:40:17.053+0000] {logging_mixin.py:188} INFO - [2024-02-29T07:40:17.053+0000] {dag.py:3820} INFO - Setting next_dagrun for dog_api_pipeline to None, run_after=None
[2024-02-29T07:40:17.072+0000] {processor.py:183} INFO - Processing /opt/airflow/dags/dog_api_pipeline.py took 0.061 seconds
[2024-02-29T07:40:47.228+0000] {processor.py:161} INFO - Started process (PID=1064) to work on /opt/airflow/dags/dog_api_pipeline.py
[2024-02-29T07:40:47.229+0000] {processor.py:830} INFO - Processing file /opt/airflow/dags/dog_api_pipeline.py for tasks to queue
[2024-02-29T07:40:47.230+0000] {logging_mixin.py:188} INFO - [2024-02-29T07:40:47.229+0000] {dagbag.py:538} INFO - Filling up the DagBag from /opt/airflow/dags/dog_api_pipeline.py
[2024-02-29T07:40:47.240+0000] {processor.py:840} INFO - DAG(s) 'dog_api_pipeline' retrieved from /opt/airflow/dags/dog_api_pipeline.py
[2024-02-29T07:40:47.268+0000] {logging_mixin.py:188} INFO - [2024-02-29T07:40:47.268+0000] {dag.py:3033} INFO - Sync 1 DAGs
[2024-02-29T07:40:47.282+0000] {logging_mixin.py:188} INFO - [2024-02-29T07:40:47.282+0000] {dag.py:3820} INFO - Setting next_dagrun for dog_api_pipeline to None, run_after=None
[2024-02-29T07:40:47.305+0000] {processor.py:183} INFO - Processing /opt/airflow/dags/dog_api_pipeline.py took 0.081 seconds
[2024-02-29T07:41:17.442+0000] {processor.py:161} INFO - Started process (PID=1091) to work on /opt/airflow/dags/dog_api_pipeline.py
[2024-02-29T07:41:17.443+0000] {processor.py:830} INFO - Processing file /opt/airflow/dags/dog_api_pipeline.py for tasks to queue
[2024-02-29T07:41:17.444+0000] {logging_mixin.py:188} INFO - [2024-02-29T07:41:17.443+0000] {dagbag.py:538} INFO - Filling up the DagBag from /opt/airflow/dags/dog_api_pipeline.py
[2024-02-29T07:41:17.450+0000] {processor.py:840} INFO - DAG(s) 'dog_api_pipeline' retrieved from /opt/airflow/dags/dog_api_pipeline.py
[2024-02-29T07:41:17.483+0000] {logging_mixin.py:188} INFO - [2024-02-29T07:41:17.483+0000] {dag.py:3033} INFO - Sync 1 DAGs
[2024-02-29T07:41:17.498+0000] {logging_mixin.py:188} INFO - [2024-02-29T07:41:17.498+0000] {dag.py:3820} INFO - Setting next_dagrun for dog_api_pipeline to None, run_after=None
[2024-02-29T07:41:17.521+0000] {processor.py:183} INFO - Processing /opt/airflow/dags/dog_api_pipeline.py took 0.081 seconds
[2024-02-29T07:41:47.670+0000] {processor.py:161} INFO - Started process (PID=1118) to work on /opt/airflow/dags/dog_api_pipeline.py
[2024-02-29T07:41:47.671+0000] {processor.py:830} INFO - Processing file /opt/airflow/dags/dog_api_pipeline.py for tasks to queue
[2024-02-29T07:41:47.671+0000] {logging_mixin.py:188} INFO - [2024-02-29T07:41:47.671+0000] {dagbag.py:538} INFO - Filling up the DagBag from /opt/airflow/dags/dog_api_pipeline.py
[2024-02-29T07:41:47.678+0000] {processor.py:840} INFO - DAG(s) 'dog_api_pipeline' retrieved from /opt/airflow/dags/dog_api_pipeline.py
[2024-02-29T07:41:47.701+0000] {logging_mixin.py:188} INFO - [2024-02-29T07:41:47.701+0000] {dag.py:3033} INFO - Sync 1 DAGs
[2024-02-29T07:41:47.713+0000] {logging_mixin.py:188} INFO - [2024-02-29T07:41:47.712+0000] {dag.py:3820} INFO - Setting next_dagrun for dog_api_pipeline to None, run_after=None
[2024-02-29T07:41:47.732+0000] {processor.py:183} INFO - Processing /opt/airflow/dags/dog_api_pipeline.py took 0.064 seconds
[2024-02-29T07:42:17.864+0000] {processor.py:161} INFO - Started process (PID=1153) to work on /opt/airflow/dags/dog_api_pipeline.py
[2024-02-29T07:42:17.865+0000] {processor.py:830} INFO - Processing file /opt/airflow/dags/dog_api_pipeline.py for tasks to queue
[2024-02-29T07:42:17.865+0000] {logging_mixin.py:188} INFO - [2024-02-29T07:42:17.865+0000] {dagbag.py:538} INFO - Filling up the DagBag from /opt/airflow/dags/dog_api_pipeline.py
[2024-02-29T07:42:17.872+0000] {processor.py:840} INFO - DAG(s) 'dog_api_pipeline' retrieved from /opt/airflow/dags/dog_api_pipeline.py
[2024-02-29T07:42:17.893+0000] {logging_mixin.py:188} INFO - [2024-02-29T07:42:17.893+0000] {dag.py:3033} INFO - Sync 1 DAGs
[2024-02-29T07:42:17.902+0000] {logging_mixin.py:188} INFO - [2024-02-29T07:42:17.902+0000] {dag.py:3820} INFO - Setting next_dagrun for dog_api_pipeline to None, run_after=None
[2024-02-29T07:42:17.921+0000] {processor.py:183} INFO - Processing /opt/airflow/dags/dog_api_pipeline.py took 0.060 seconds
[2024-02-29T07:42:48.048+0000] {processor.py:161} INFO - Started process (PID=1180) to work on /opt/airflow/dags/dog_api_pipeline.py
[2024-02-29T07:42:48.049+0000] {processor.py:830} INFO - Processing file /opt/airflow/dags/dog_api_pipeline.py for tasks to queue
[2024-02-29T07:42:48.050+0000] {logging_mixin.py:188} INFO - [2024-02-29T07:42:48.049+0000] {dagbag.py:538} INFO - Filling up the DagBag from /opt/airflow/dags/dog_api_pipeline.py
[2024-02-29T07:42:48.056+0000] {processor.py:840} INFO - DAG(s) 'dog_api_pipeline' retrieved from /opt/airflow/dags/dog_api_pipeline.py
[2024-02-29T07:42:48.078+0000] {logging_mixin.py:188} INFO - [2024-02-29T07:42:48.078+0000] {dag.py:3033} INFO - Sync 1 DAGs
[2024-02-29T07:42:48.088+0000] {logging_mixin.py:188} INFO - [2024-02-29T07:42:48.088+0000] {dag.py:3820} INFO - Setting next_dagrun for dog_api_pipeline to None, run_after=None
[2024-02-29T07:42:48.107+0000] {processor.py:183} INFO - Processing /opt/airflow/dags/dog_api_pipeline.py took 0.061 seconds
[2024-02-29T07:43:18.619+0000] {processor.py:161} INFO - Started process (PID=1235) to work on /opt/airflow/dags/dog_api_pipeline.py
[2024-02-29T07:43:18.620+0000] {processor.py:830} INFO - Processing file /opt/airflow/dags/dog_api_pipeline.py for tasks to queue
[2024-02-29T07:43:18.621+0000] {logging_mixin.py:188} INFO - [2024-02-29T07:43:18.621+0000] {dagbag.py:538} INFO - Filling up the DagBag from /opt/airflow/dags/dog_api_pipeline.py
[2024-02-29T07:43:18.639+0000] {processor.py:840} INFO - DAG(s) 'dog_api_pipeline' retrieved from /opt/airflow/dags/dog_api_pipeline.py
[2024-02-29T07:43:18.675+0000] {logging_mixin.py:188} INFO - [2024-02-29T07:43:18.674+0000] {dag.py:3033} INFO - Sync 1 DAGs
[2024-02-29T07:43:18.690+0000] {logging_mixin.py:188} INFO - [2024-02-29T07:43:18.689+0000] {dag.py:3820} INFO - Setting next_dagrun for dog_api_pipeline to None, run_after=None
[2024-02-29T07:43:18.739+0000] {processor.py:183} INFO - Processing /opt/airflow/dags/dog_api_pipeline.py took 0.127 seconds
[2024-02-29T07:43:48.876+0000] {processor.py:161} INFO - Started process (PID=1278) to work on /opt/airflow/dags/dog_api_pipeline.py
[2024-02-29T07:43:48.877+0000] {processor.py:830} INFO - Processing file /opt/airflow/dags/dog_api_pipeline.py for tasks to queue
[2024-02-29T07:43:48.877+0000] {logging_mixin.py:188} INFO - [2024-02-29T07:43:48.877+0000] {dagbag.py:538} INFO - Filling up the DagBag from /opt/airflow/dags/dog_api_pipeline.py
[2024-02-29T07:43:48.884+0000] {processor.py:840} INFO - DAG(s) 'dog_api_pipeline' retrieved from /opt/airflow/dags/dog_api_pipeline.py
[2024-02-29T07:43:48.905+0000] {logging_mixin.py:188} INFO - [2024-02-29T07:43:48.905+0000] {dag.py:3033} INFO - Sync 1 DAGs
[2024-02-29T07:43:48.915+0000] {logging_mixin.py:188} INFO - [2024-02-29T07:43:48.914+0000] {dag.py:3820} INFO - Setting next_dagrun for dog_api_pipeline to None, run_after=None
[2024-02-29T07:43:48.933+0000] {processor.py:183} INFO - Processing /opt/airflow/dags/dog_api_pipeline.py took 0.061 seconds
[2024-02-29T07:44:19.196+0000] {processor.py:161} INFO - Started process (PID=1320) to work on /opt/airflow/dags/dog_api_pipeline.py
[2024-02-29T07:44:19.197+0000] {processor.py:830} INFO - Processing file /opt/airflow/dags/dog_api_pipeline.py for tasks to queue
[2024-02-29T07:44:19.198+0000] {logging_mixin.py:188} INFO - [2024-02-29T07:44:19.197+0000] {dagbag.py:538} INFO - Filling up the DagBag from /opt/airflow/dags/dog_api_pipeline.py
[2024-02-29T07:44:19.205+0000] {processor.py:840} INFO - DAG(s) 'dog_api_pipeline' retrieved from /opt/airflow/dags/dog_api_pipeline.py
[2024-02-29T07:44:19.234+0000] {logging_mixin.py:188} INFO - [2024-02-29T07:44:19.233+0000] {dag.py:3033} INFO - Sync 1 DAGs
[2024-02-29T07:44:19.243+0000] {logging_mixin.py:188} INFO - [2024-02-29T07:44:19.243+0000] {dag.py:3820} INFO - Setting next_dagrun for dog_api_pipeline to None, run_after=None
[2024-02-29T07:44:19.262+0000] {processor.py:183} INFO - Processing /opt/airflow/dags/dog_api_pipeline.py took 0.068 seconds
[2024-02-29T07:44:49.672+0000] {processor.py:161} INFO - Started process (PID=1359) to work on /opt/airflow/dags/dog_api_pipeline.py
[2024-02-29T07:44:49.675+0000] {processor.py:830} INFO - Processing file /opt/airflow/dags/dog_api_pipeline.py for tasks to queue
[2024-02-29T07:44:49.676+0000] {logging_mixin.py:188} INFO - [2024-02-29T07:44:49.676+0000] {dagbag.py:538} INFO - Filling up the DagBag from /opt/airflow/dags/dog_api_pipeline.py
[2024-02-29T07:44:49.700+0000] {processor.py:840} INFO - DAG(s) 'dog_api_pipeline' retrieved from /opt/airflow/dags/dog_api_pipeline.py
[2024-02-29T07:44:49.772+0000] {logging_mixin.py:188} INFO - [2024-02-29T07:44:49.772+0000] {dag.py:3033} INFO - Sync 1 DAGs
[2024-02-29T07:44:49.814+0000] {logging_mixin.py:188} INFO - [2024-02-29T07:44:49.813+0000] {dag.py:3820} INFO - Setting next_dagrun for dog_api_pipeline to None, run_after=None
[2024-02-29T07:44:49.866+0000] {processor.py:183} INFO - Processing /opt/airflow/dags/dog_api_pipeline.py took 0.204 seconds
[2024-02-29T07:45:20.072+0000] {processor.py:161} INFO - Started process (PID=1400) to work on /opt/airflow/dags/dog_api_pipeline.py
[2024-02-29T07:45:20.072+0000] {processor.py:830} INFO - Processing file /opt/airflow/dags/dog_api_pipeline.py for tasks to queue
[2024-02-29T07:45:20.073+0000] {logging_mixin.py:188} INFO - [2024-02-29T07:45:20.073+0000] {dagbag.py:538} INFO - Filling up the DagBag from /opt/airflow/dags/dog_api_pipeline.py
[2024-02-29T07:45:20.086+0000] {processor.py:840} INFO - DAG(s) 'dog_api_pipeline' retrieved from /opt/airflow/dags/dog_api_pipeline.py
[2024-02-29T07:45:20.117+0000] {logging_mixin.py:188} INFO - [2024-02-29T07:45:20.117+0000] {dag.py:3033} INFO - Sync 1 DAGs
[2024-02-29T07:45:20.138+0000] {logging_mixin.py:188} INFO - [2024-02-29T07:45:20.138+0000] {dag.py:3820} INFO - Setting next_dagrun for dog_api_pipeline to None, run_after=None
[2024-02-29T07:45:20.163+0000] {processor.py:183} INFO - Processing /opt/airflow/dags/dog_api_pipeline.py took 0.094 seconds
[2024-02-29T07:45:50.564+0000] {processor.py:161} INFO - Started process (PID=1452) to work on /opt/airflow/dags/dog_api_pipeline.py
[2024-02-29T07:45:50.565+0000] {processor.py:830} INFO - Processing file /opt/airflow/dags/dog_api_pipeline.py for tasks to queue
[2024-02-29T07:45:50.565+0000] {logging_mixin.py:188} INFO - [2024-02-29T07:45:50.565+0000] {dagbag.py:538} INFO - Filling up the DagBag from /opt/airflow/dags/dog_api_pipeline.py
[2024-02-29T07:45:50.572+0000] {processor.py:840} INFO - DAG(s) 'dog_api_pipeline' retrieved from /opt/airflow/dags/dog_api_pipeline.py
[2024-02-29T07:45:50.592+0000] {logging_mixin.py:188} INFO - [2024-02-29T07:45:50.592+0000] {dag.py:3033} INFO - Sync 1 DAGs
[2024-02-29T07:45:50.603+0000] {logging_mixin.py:188} INFO - [2024-02-29T07:45:50.603+0000] {dag.py:3820} INFO - Setting next_dagrun for dog_api_pipeline to None, run_after=None
[2024-02-29T07:45:50.622+0000] {processor.py:183} INFO - Processing /opt/airflow/dags/dog_api_pipeline.py took 0.061 seconds
[2024-02-29T07:46:20.865+0000] {processor.py:161} INFO - Started process (PID=1496) to work on /opt/airflow/dags/dog_api_pipeline.py
[2024-02-29T07:46:20.865+0000] {processor.py:830} INFO - Processing file /opt/airflow/dags/dog_api_pipeline.py for tasks to queue
[2024-02-29T07:46:20.866+0000] {logging_mixin.py:188} INFO - [2024-02-29T07:46:20.866+0000] {dagbag.py:538} INFO - Filling up the DagBag from /opt/airflow/dags/dog_api_pipeline.py
[2024-02-29T07:46:20.873+0000] {processor.py:840} INFO - DAG(s) 'dog_api_pipeline' retrieved from /opt/airflow/dags/dog_api_pipeline.py
[2024-02-29T07:46:20.894+0000] {logging_mixin.py:188} INFO - [2024-02-29T07:46:20.894+0000] {dag.py:3033} INFO - Sync 1 DAGs
[2024-02-29T07:46:20.903+0000] {logging_mixin.py:188} INFO - [2024-02-29T07:46:20.903+0000] {dag.py:3820} INFO - Setting next_dagrun for dog_api_pipeline to None, run_after=None
[2024-02-29T07:46:20.921+0000] {processor.py:183} INFO - Processing /opt/airflow/dags/dog_api_pipeline.py took 0.059 seconds
[2024-02-29T07:46:51.235+0000] {processor.py:161} INFO - Started process (PID=1551) to work on /opt/airflow/dags/dog_api_pipeline.py
[2024-02-29T07:46:51.236+0000] {processor.py:830} INFO - Processing file /opt/airflow/dags/dog_api_pipeline.py for tasks to queue
[2024-02-29T07:46:51.237+0000] {logging_mixin.py:188} INFO - [2024-02-29T07:46:51.237+0000] {dagbag.py:538} INFO - Filling up the DagBag from /opt/airflow/dags/dog_api_pipeline.py
[2024-02-29T07:46:51.246+0000] {processor.py:840} INFO - DAG(s) 'dog_api_pipeline' retrieved from /opt/airflow/dags/dog_api_pipeline.py
[2024-02-29T07:46:51.276+0000] {logging_mixin.py:188} INFO - [2024-02-29T07:46:51.276+0000] {dag.py:3033} INFO - Sync 1 DAGs
[2024-02-29T07:46:51.287+0000] {logging_mixin.py:188} INFO - [2024-02-29T07:46:51.287+0000] {dag.py:3820} INFO - Setting next_dagrun for dog_api_pipeline to None, run_after=None
[2024-02-29T07:46:51.305+0000] {processor.py:183} INFO - Processing /opt/airflow/dags/dog_api_pipeline.py took 0.075 seconds
[2024-02-29T07:47:21.977+0000] {processor.py:161} INFO - Started process (PID=1635) to work on /opt/airflow/dags/dog_api_pipeline.py
[2024-02-29T07:47:21.978+0000] {processor.py:830} INFO - Processing file /opt/airflow/dags/dog_api_pipeline.py for tasks to queue
[2024-02-29T07:47:21.979+0000] {logging_mixin.py:188} INFO - [2024-02-29T07:47:21.978+0000] {dagbag.py:538} INFO - Filling up the DagBag from /opt/airflow/dags/dog_api_pipeline.py
[2024-02-29T07:47:21.987+0000] {processor.py:840} INFO - DAG(s) 'dog_api_pipeline' retrieved from /opt/airflow/dags/dog_api_pipeline.py
[2024-02-29T07:47:22.017+0000] {logging_mixin.py:188} INFO - [2024-02-29T07:47:22.016+0000] {dag.py:3033} INFO - Sync 1 DAGs
[2024-02-29T07:47:22.027+0000] {logging_mixin.py:188} INFO - [2024-02-29T07:47:22.026+0000] {dag.py:3820} INFO - Setting next_dagrun for dog_api_pipeline to None, run_after=None
[2024-02-29T07:47:22.045+0000] {processor.py:183} INFO - Processing /opt/airflow/dags/dog_api_pipeline.py took 0.070 seconds
[2024-02-29T07:47:52.507+0000] {processor.py:161} INFO - Started process (PID=1708) to work on /opt/airflow/dags/dog_api_pipeline.py
[2024-02-29T07:47:52.514+0000] {processor.py:830} INFO - Processing file /opt/airflow/dags/dog_api_pipeline.py for tasks to queue
[2024-02-29T07:47:52.515+0000] {logging_mixin.py:188} INFO - [2024-02-29T07:47:52.515+0000] {dagbag.py:538} INFO - Filling up the DagBag from /opt/airflow/dags/dog_api_pipeline.py
[2024-02-29T07:47:52.525+0000] {processor.py:840} INFO - DAG(s) 'dog_api_pipeline' retrieved from /opt/airflow/dags/dog_api_pipeline.py
[2024-02-29T07:47:52.556+0000] {logging_mixin.py:188} INFO - [2024-02-29T07:47:52.556+0000] {dag.py:3033} INFO - Sync 1 DAGs
[2024-02-29T07:47:52.568+0000] {logging_mixin.py:188} INFO - [2024-02-29T07:47:52.568+0000] {dag.py:3820} INFO - Setting next_dagrun for dog_api_pipeline to None, run_after=None
[2024-02-29T07:47:52.587+0000] {processor.py:183} INFO - Processing /opt/airflow/dags/dog_api_pipeline.py took 0.086 seconds
[2024-02-29T07:48:23.046+0000] {processor.py:161} INFO - Started process (PID=1767) to work on /opt/airflow/dags/dog_api_pipeline.py
[2024-02-29T07:48:23.047+0000] {processor.py:830} INFO - Processing file /opt/airflow/dags/dog_api_pipeline.py for tasks to queue
[2024-02-29T07:48:23.048+0000] {logging_mixin.py:188} INFO - [2024-02-29T07:48:23.048+0000] {dagbag.py:538} INFO - Filling up the DagBag from /opt/airflow/dags/dog_api_pipeline.py
[2024-02-29T07:48:23.060+0000] {processor.py:840} INFO - DAG(s) 'dog_api_pipeline' retrieved from /opt/airflow/dags/dog_api_pipeline.py
[2024-02-29T07:48:23.088+0000] {logging_mixin.py:188} INFO - [2024-02-29T07:48:23.088+0000] {dag.py:3033} INFO - Sync 1 DAGs
[2024-02-29T07:48:23.101+0000] {logging_mixin.py:188} INFO - [2024-02-29T07:48:23.101+0000] {dag.py:3820} INFO - Setting next_dagrun for dog_api_pipeline to None, run_after=None
[2024-02-29T07:48:23.123+0000] {processor.py:183} INFO - Processing /opt/airflow/dags/dog_api_pipeline.py took 0.081 seconds
[2024-02-29T07:48:53.373+0000] {processor.py:161} INFO - Started process (PID=1821) to work on /opt/airflow/dags/dog_api_pipeline.py
[2024-02-29T07:48:53.374+0000] {processor.py:830} INFO - Processing file /opt/airflow/dags/dog_api_pipeline.py for tasks to queue
[2024-02-29T07:48:53.375+0000] {logging_mixin.py:188} INFO - [2024-02-29T07:48:53.375+0000] {dagbag.py:538} INFO - Filling up the DagBag from /opt/airflow/dags/dog_api_pipeline.py
[2024-02-29T07:48:53.390+0000] {processor.py:840} INFO - DAG(s) 'dog_api_pipeline' retrieved from /opt/airflow/dags/dog_api_pipeline.py
[2024-02-29T07:48:53.419+0000] {logging_mixin.py:188} INFO - [2024-02-29T07:48:53.419+0000] {dag.py:3033} INFO - Sync 1 DAGs
[2024-02-29T07:48:53.434+0000] {logging_mixin.py:188} INFO - [2024-02-29T07:48:53.434+0000] {dag.py:3820} INFO - Setting next_dagrun for dog_api_pipeline to None, run_after=None
[2024-02-29T07:48:53.458+0000] {processor.py:183} INFO - Processing /opt/airflow/dags/dog_api_pipeline.py took 0.089 seconds
[2024-02-29T07:49:23.608+0000] {processor.py:161} INFO - Started process (PID=1859) to work on /opt/airflow/dags/dog_api_pipeline.py
[2024-02-29T07:49:23.609+0000] {processor.py:830} INFO - Processing file /opt/airflow/dags/dog_api_pipeline.py for tasks to queue
[2024-02-29T07:49:23.610+0000] {logging_mixin.py:188} INFO - [2024-02-29T07:49:23.610+0000] {dagbag.py:538} INFO - Filling up the DagBag from /opt/airflow/dags/dog_api_pipeline.py
[2024-02-29T07:49:23.616+0000] {processor.py:840} INFO - DAG(s) 'dog_api_pipeline' retrieved from /opt/airflow/dags/dog_api_pipeline.py
[2024-02-29T07:49:23.636+0000] {logging_mixin.py:188} INFO - [2024-02-29T07:49:23.636+0000] {dag.py:3033} INFO - Sync 1 DAGs
[2024-02-29T07:49:23.647+0000] {logging_mixin.py:188} INFO - [2024-02-29T07:49:23.647+0000] {dag.py:3820} INFO - Setting next_dagrun for dog_api_pipeline to None, run_after=None
[2024-02-29T07:49:23.666+0000] {processor.py:183} INFO - Processing /opt/airflow/dags/dog_api_pipeline.py took 0.060 seconds
[2024-02-29T07:49:53.979+0000] {processor.py:161} INFO - Started process (PID=1921) to work on /opt/airflow/dags/dog_api_pipeline.py
[2024-02-29T07:49:53.980+0000] {processor.py:830} INFO - Processing file /opt/airflow/dags/dog_api_pipeline.py for tasks to queue
[2024-02-29T07:49:53.981+0000] {logging_mixin.py:188} INFO - [2024-02-29T07:49:53.980+0000] {dagbag.py:538} INFO - Filling up the DagBag from /opt/airflow/dags/dog_api_pipeline.py
[2024-02-29T07:49:53.989+0000] {processor.py:840} INFO - DAG(s) 'dog_api_pipeline' retrieved from /opt/airflow/dags/dog_api_pipeline.py
[2024-02-29T07:49:54.029+0000] {logging_mixin.py:188} INFO - [2024-02-29T07:49:54.029+0000] {dag.py:3033} INFO - Sync 1 DAGs
[2024-02-29T07:49:54.043+0000] {logging_mixin.py:188} INFO - [2024-02-29T07:49:54.042+0000] {dag.py:3820} INFO - Setting next_dagrun for dog_api_pipeline to None, run_after=None
[2024-02-29T07:49:54.071+0000] {processor.py:183} INFO - Processing /opt/airflow/dags/dog_api_pipeline.py took 0.094 seconds
[2024-02-29T07:50:24.447+0000] {processor.py:161} INFO - Started process (PID=1987) to work on /opt/airflow/dags/dog_api_pipeline.py
[2024-02-29T07:50:24.448+0000] {processor.py:830} INFO - Processing file /opt/airflow/dags/dog_api_pipeline.py for tasks to queue
[2024-02-29T07:50:24.449+0000] {logging_mixin.py:188} INFO - [2024-02-29T07:50:24.448+0000] {dagbag.py:538} INFO - Filling up the DagBag from /opt/airflow/dags/dog_api_pipeline.py
[2024-02-29T07:50:24.457+0000] {processor.py:840} INFO - DAG(s) 'dog_api_pipeline' retrieved from /opt/airflow/dags/dog_api_pipeline.py
[2024-02-29T07:50:24.491+0000] {logging_mixin.py:188} INFO - [2024-02-29T07:50:24.491+0000] {dag.py:3033} INFO - Sync 1 DAGs
[2024-02-29T07:50:24.514+0000] {logging_mixin.py:188} INFO - [2024-02-29T07:50:24.514+0000] {dag.py:3820} INFO - Setting next_dagrun for dog_api_pipeline to None, run_after=None
[2024-02-29T07:50:24.562+0000] {processor.py:183} INFO - Processing /opt/airflow/dags/dog_api_pipeline.py took 0.119 seconds
[2024-02-29T07:50:54.860+0000] {processor.py:161} INFO - Started process (PID=2023) to work on /opt/airflow/dags/dog_api_pipeline.py
[2024-02-29T07:50:54.860+0000] {processor.py:830} INFO - Processing file /opt/airflow/dags/dog_api_pipeline.py for tasks to queue
[2024-02-29T07:50:54.861+0000] {logging_mixin.py:188} INFO - [2024-02-29T07:50:54.861+0000] {dagbag.py:538} INFO - Filling up the DagBag from /opt/airflow/dags/dog_api_pipeline.py
[2024-02-29T07:50:54.868+0000] {processor.py:840} INFO - DAG(s) 'dog_api_pipeline' retrieved from /opt/airflow/dags/dog_api_pipeline.py
[2024-02-29T07:50:54.891+0000] {logging_mixin.py:188} INFO - [2024-02-29T07:50:54.891+0000] {dag.py:3033} INFO - Sync 1 DAGs
[2024-02-29T07:50:54.905+0000] {logging_mixin.py:188} INFO - [2024-02-29T07:50:54.905+0000] {dag.py:3820} INFO - Setting next_dagrun for dog_api_pipeline to None, run_after=None
[2024-02-29T07:50:54.929+0000] {processor.py:183} INFO - Processing /opt/airflow/dags/dog_api_pipeline.py took 0.072 seconds
[2024-02-29T07:51:25.155+0000] {processor.py:161} INFO - Started process (PID=2060) to work on /opt/airflow/dags/dog_api_pipeline.py
[2024-02-29T07:51:25.156+0000] {processor.py:830} INFO - Processing file /opt/airflow/dags/dog_api_pipeline.py for tasks to queue
[2024-02-29T07:51:25.156+0000] {logging_mixin.py:188} INFO - [2024-02-29T07:51:25.156+0000] {dagbag.py:538} INFO - Filling up the DagBag from /opt/airflow/dags/dog_api_pipeline.py
[2024-02-29T07:51:25.163+0000] {processor.py:840} INFO - DAG(s) 'dog_api_pipeline' retrieved from /opt/airflow/dags/dog_api_pipeline.py
[2024-02-29T07:51:25.183+0000] {logging_mixin.py:188} INFO - [2024-02-29T07:51:25.183+0000] {dag.py:3033} INFO - Sync 1 DAGs
[2024-02-29T07:51:25.193+0000] {logging_mixin.py:188} INFO - [2024-02-29T07:51:25.193+0000] {dag.py:3820} INFO - Setting next_dagrun for dog_api_pipeline to None, run_after=None
[2024-02-29T07:51:25.211+0000] {processor.py:183} INFO - Processing /opt/airflow/dags/dog_api_pipeline.py took 0.059 seconds
[2024-02-29T07:51:55.517+0000] {processor.py:161} INFO - Started process (PID=2104) to work on /opt/airflow/dags/dog_api_pipeline.py
[2024-02-29T07:51:55.517+0000] {processor.py:830} INFO - Processing file /opt/airflow/dags/dog_api_pipeline.py for tasks to queue
[2024-02-29T07:51:55.518+0000] {logging_mixin.py:188} INFO - [2024-02-29T07:51:55.518+0000] {dagbag.py:538} INFO - Filling up the DagBag from /opt/airflow/dags/dog_api_pipeline.py
[2024-02-29T07:51:55.525+0000] {processor.py:840} INFO - DAG(s) 'dog_api_pipeline' retrieved from /opt/airflow/dags/dog_api_pipeline.py
[2024-02-29T07:51:55.550+0000] {logging_mixin.py:188} INFO - [2024-02-29T07:51:55.549+0000] {dag.py:3033} INFO - Sync 1 DAGs
[2024-02-29T07:51:55.561+0000] {logging_mixin.py:188} INFO - [2024-02-29T07:51:55.560+0000] {dag.py:3820} INFO - Setting next_dagrun for dog_api_pipeline to None, run_after=None
[2024-02-29T07:51:55.579+0000] {processor.py:183} INFO - Processing /opt/airflow/dags/dog_api_pipeline.py took 0.065 seconds
[2024-02-29T07:52:25.800+0000] {processor.py:161} INFO - Started process (PID=2141) to work on /opt/airflow/dags/dog_api_pipeline.py
[2024-02-29T07:52:25.801+0000] {processor.py:830} INFO - Processing file /opt/airflow/dags/dog_api_pipeline.py for tasks to queue
[2024-02-29T07:52:25.802+0000] {logging_mixin.py:188} INFO - [2024-02-29T07:52:25.802+0000] {dagbag.py:538} INFO - Filling up the DagBag from /opt/airflow/dags/dog_api_pipeline.py
[2024-02-29T07:52:25.812+0000] {processor.py:840} INFO - DAG(s) 'dog_api_pipeline' retrieved from /opt/airflow/dags/dog_api_pipeline.py
[2024-02-29T07:52:25.834+0000] {logging_mixin.py:188} INFO - [2024-02-29T07:52:25.833+0000] {dag.py:3033} INFO - Sync 1 DAGs
[2024-02-29T07:52:25.844+0000] {logging_mixin.py:188} INFO - [2024-02-29T07:52:25.843+0000] {dag.py:3820} INFO - Setting next_dagrun for dog_api_pipeline to None, run_after=None
[2024-02-29T07:52:25.862+0000] {processor.py:183} INFO - Processing /opt/airflow/dags/dog_api_pipeline.py took 0.066 seconds
[2024-02-29T07:52:56.114+0000] {processor.py:161} INFO - Started process (PID=2186) to work on /opt/airflow/dags/dog_api_pipeline.py
[2024-02-29T07:52:56.127+0000] {processor.py:830} INFO - Processing file /opt/airflow/dags/dog_api_pipeline.py for tasks to queue
[2024-02-29T07:52:56.130+0000] {logging_mixin.py:188} INFO - [2024-02-29T07:52:56.129+0000] {dagbag.py:538} INFO - Filling up the DagBag from /opt/airflow/dags/dog_api_pipeline.py
[2024-02-29T07:52:56.146+0000] {processor.py:840} INFO - DAG(s) 'dog_api_pipeline' retrieved from /opt/airflow/dags/dog_api_pipeline.py
[2024-02-29T07:52:56.189+0000] {logging_mixin.py:188} INFO - [2024-02-29T07:52:56.189+0000] {dag.py:3033} INFO - Sync 1 DAGs
[2024-02-29T07:52:56.206+0000] {logging_mixin.py:188} INFO - [2024-02-29T07:52:56.206+0000] {dag.py:3820} INFO - Setting next_dagrun for dog_api_pipeline to None, run_after=None
[2024-02-29T07:52:56.229+0000] {processor.py:183} INFO - Processing /opt/airflow/dags/dog_api_pipeline.py took 0.132 seconds
[2024-02-29T07:53:26.526+0000] {processor.py:161} INFO - Started process (PID=2233) to work on /opt/airflow/dags/dog_api_pipeline.py
[2024-02-29T07:53:26.526+0000] {processor.py:830} INFO - Processing file /opt/airflow/dags/dog_api_pipeline.py for tasks to queue
[2024-02-29T07:53:26.527+0000] {logging_mixin.py:188} INFO - [2024-02-29T07:53:26.527+0000] {dagbag.py:538} INFO - Filling up the DagBag from /opt/airflow/dags/dog_api_pipeline.py
[2024-02-29T07:53:26.537+0000] {processor.py:840} INFO - DAG(s) 'dog_api_pipeline' retrieved from /opt/airflow/dags/dog_api_pipeline.py
[2024-02-29T07:53:26.575+0000] {logging_mixin.py:188} INFO - [2024-02-29T07:53:26.575+0000] {dag.py:3033} INFO - Sync 1 DAGs
[2024-02-29T07:53:26.594+0000] {logging_mixin.py:188} INFO - [2024-02-29T07:53:26.594+0000] {dag.py:3820} INFO - Setting next_dagrun for dog_api_pipeline to None, run_after=None
[2024-02-29T07:53:26.619+0000] {processor.py:183} INFO - Processing /opt/airflow/dags/dog_api_pipeline.py took 0.098 seconds
[2024-02-29T07:53:56.904+0000] {processor.py:161} INFO - Started process (PID=2291) to work on /opt/airflow/dags/dog_api_pipeline.py
[2024-02-29T07:53:56.905+0000] {processor.py:830} INFO - Processing file /opt/airflow/dags/dog_api_pipeline.py for tasks to queue
[2024-02-29T07:53:56.906+0000] {logging_mixin.py:188} INFO - [2024-02-29T07:53:56.906+0000] {dagbag.py:538} INFO - Filling up the DagBag from /opt/airflow/dags/dog_api_pipeline.py
[2024-02-29T07:53:56.915+0000] {processor.py:840} INFO - DAG(s) 'dog_api_pipeline' retrieved from /opt/airflow/dags/dog_api_pipeline.py
[2024-02-29T07:53:56.947+0000] {logging_mixin.py:188} INFO - [2024-02-29T07:53:56.947+0000] {dag.py:3033} INFO - Sync 1 DAGs
[2024-02-29T07:53:56.957+0000] {logging_mixin.py:188} INFO - [2024-02-29T07:53:56.957+0000] {dag.py:3820} INFO - Setting next_dagrun for dog_api_pipeline to None, run_after=None
[2024-02-29T07:53:56.979+0000] {processor.py:183} INFO - Processing /opt/airflow/dags/dog_api_pipeline.py took 0.077 seconds
[2024-02-29T07:54:27.356+0000] {processor.py:161} INFO - Started process (PID=2341) to work on /opt/airflow/dags/dog_api_pipeline.py
[2024-02-29T07:54:27.357+0000] {processor.py:830} INFO - Processing file /opt/airflow/dags/dog_api_pipeline.py for tasks to queue
[2024-02-29T07:54:27.357+0000] {logging_mixin.py:188} INFO - [2024-02-29T07:54:27.357+0000] {dagbag.py:538} INFO - Filling up the DagBag from /opt/airflow/dags/dog_api_pipeline.py
[2024-02-29T07:54:27.365+0000] {processor.py:840} INFO - DAG(s) 'dog_api_pipeline' retrieved from /opt/airflow/dags/dog_api_pipeline.py
[2024-02-29T07:54:27.386+0000] {logging_mixin.py:188} INFO - [2024-02-29T07:54:27.386+0000] {dag.py:3033} INFO - Sync 1 DAGs
[2024-02-29T07:54:27.397+0000] {logging_mixin.py:188} INFO - [2024-02-29T07:54:27.396+0000] {dag.py:3820} INFO - Setting next_dagrun for dog_api_pipeline to None, run_after=None
[2024-02-29T07:54:27.415+0000] {processor.py:183} INFO - Processing /opt/airflow/dags/dog_api_pipeline.py took 0.061 seconds
[2024-02-29T07:54:57.714+0000] {processor.py:161} INFO - Started process (PID=2398) to work on /opt/airflow/dags/dog_api_pipeline.py
[2024-02-29T07:54:57.716+0000] {processor.py:830} INFO - Processing file /opt/airflow/dags/dog_api_pipeline.py for tasks to queue
[2024-02-29T07:54:57.717+0000] {logging_mixin.py:188} INFO - [2024-02-29T07:54:57.716+0000] {dagbag.py:538} INFO - Filling up the DagBag from /opt/airflow/dags/dog_api_pipeline.py
[2024-02-29T07:54:57.729+0000] {processor.py:840} INFO - DAG(s) 'dog_api_pipeline' retrieved from /opt/airflow/dags/dog_api_pipeline.py
[2024-02-29T07:54:57.753+0000] {logging_mixin.py:188} INFO - [2024-02-29T07:54:57.753+0000] {dag.py:3033} INFO - Sync 1 DAGs
[2024-02-29T07:54:57.764+0000] {logging_mixin.py:188} INFO - [2024-02-29T07:54:57.764+0000] {dag.py:3820} INFO - Setting next_dagrun for dog_api_pipeline to None, run_after=None
[2024-02-29T07:54:57.782+0000] {processor.py:183} INFO - Processing /opt/airflow/dags/dog_api_pipeline.py took 0.071 seconds
[2024-02-29T07:55:27.817+0000] {processor.py:161} INFO - Started process (PID=2523) to work on /opt/airflow/dags/dog_api_pipeline.py
[2024-02-29T07:55:27.818+0000] {processor.py:830} INFO - Processing file /opt/airflow/dags/dog_api_pipeline.py for tasks to queue
[2024-02-29T07:55:27.819+0000] {logging_mixin.py:188} INFO - [2024-02-29T07:55:27.819+0000] {dagbag.py:538} INFO - Filling up the DagBag from /opt/airflow/dags/dog_api_pipeline.py
[2024-02-29T07:55:27.825+0000] {processor.py:840} INFO - DAG(s) 'dog_api_pipeline' retrieved from /opt/airflow/dags/dog_api_pipeline.py
[2024-02-29T07:55:27.846+0000] {logging_mixin.py:188} INFO - [2024-02-29T07:55:27.846+0000] {dag.py:3033} INFO - Sync 1 DAGs
[2024-02-29T07:55:27.856+0000] {logging_mixin.py:188} INFO - [2024-02-29T07:55:27.856+0000] {dag.py:3820} INFO - Setting next_dagrun for dog_api_pipeline to None, run_after=None
[2024-02-29T07:55:27.875+0000] {processor.py:183} INFO - Processing /opt/airflow/dags/dog_api_pipeline.py took 0.060 seconds
[2024-02-29T07:55:58.227+0000] {processor.py:161} INFO - Started process (PID=2653) to work on /opt/airflow/dags/dog_api_pipeline.py
[2024-02-29T07:55:58.231+0000] {processor.py:830} INFO - Processing file /opt/airflow/dags/dog_api_pipeline.py for tasks to queue
[2024-02-29T07:55:58.232+0000] {logging_mixin.py:188} INFO - [2024-02-29T07:55:58.232+0000] {dagbag.py:538} INFO - Filling up the DagBag from /opt/airflow/dags/dog_api_pipeline.py
[2024-02-29T07:55:58.244+0000] {processor.py:840} INFO - DAG(s) 'dog_api_pipeline' retrieved from /opt/airflow/dags/dog_api_pipeline.py
[2024-02-29T07:55:58.287+0000] {logging_mixin.py:188} INFO - [2024-02-29T07:55:58.286+0000] {dag.py:3033} INFO - Sync 1 DAGs
[2024-02-29T07:55:58.312+0000] {logging_mixin.py:188} INFO - [2024-02-29T07:55:58.312+0000] {dag.py:3820} INFO - Setting next_dagrun for dog_api_pipeline to None, run_after=None
[2024-02-29T07:55:58.340+0000] {processor.py:183} INFO - Processing /opt/airflow/dags/dog_api_pipeline.py took 0.121 seconds
[2024-02-29T07:56:28.954+0000] {processor.py:161} INFO - Started process (PID=2777) to work on /opt/airflow/dags/dog_api_pipeline.py
[2024-02-29T07:56:28.956+0000] {processor.py:830} INFO - Processing file /opt/airflow/dags/dog_api_pipeline.py for tasks to queue
[2024-02-29T07:56:28.957+0000] {logging_mixin.py:188} INFO - [2024-02-29T07:56:28.957+0000] {dagbag.py:538} INFO - Filling up the DagBag from /opt/airflow/dags/dog_api_pipeline.py
[2024-02-29T07:56:28.967+0000] {processor.py:840} INFO - DAG(s) 'dog_api_pipeline' retrieved from /opt/airflow/dags/dog_api_pipeline.py
[2024-02-29T07:56:28.997+0000] {logging_mixin.py:188} INFO - [2024-02-29T07:56:28.996+0000] {dag.py:3033} INFO - Sync 1 DAGs
[2024-02-29T07:56:29.012+0000] {logging_mixin.py:188} INFO - [2024-02-29T07:56:29.012+0000] {dag.py:3820} INFO - Setting next_dagrun for dog_api_pipeline to None, run_after=None
[2024-02-29T07:56:29.059+0000] {processor.py:183} INFO - Processing /opt/airflow/dags/dog_api_pipeline.py took 0.108 seconds
[2024-02-29T07:56:59.365+0000] {processor.py:161} INFO - Started process (PID=2896) to work on /opt/airflow/dags/dog_api_pipeline.py
[2024-02-29T07:56:59.389+0000] {processor.py:830} INFO - Processing file /opt/airflow/dags/dog_api_pipeline.py for tasks to queue
[2024-02-29T07:56:59.390+0000] {logging_mixin.py:188} INFO - [2024-02-29T07:56:59.390+0000] {dagbag.py:538} INFO - Filling up the DagBag from /opt/airflow/dags/dog_api_pipeline.py
[2024-02-29T07:56:59.453+0000] {processor.py:840} INFO - DAG(s) 'dog_api_pipeline' retrieved from /opt/airflow/dags/dog_api_pipeline.py
[2024-02-29T07:56:59.666+0000] {logging_mixin.py:188} INFO - [2024-02-29T07:56:59.666+0000] {dag.py:3033} INFO - Sync 1 DAGs
[2024-02-29T07:56:59.754+0000] {logging_mixin.py:188} INFO - [2024-02-29T07:56:59.754+0000] {dag.py:3820} INFO - Setting next_dagrun for dog_api_pipeline to None, run_after=None
[2024-02-29T07:56:59.987+0000] {processor.py:183} INFO - Processing /opt/airflow/dags/dog_api_pipeline.py took 0.625 seconds
[2024-02-29T07:57:30.235+0000] {processor.py:161} INFO - Started process (PID=3027) to work on /opt/airflow/dags/dog_api_pipeline.py
[2024-02-29T07:57:30.249+0000] {processor.py:830} INFO - Processing file /opt/airflow/dags/dog_api_pipeline.py for tasks to queue
[2024-02-29T07:57:30.249+0000] {logging_mixin.py:188} INFO - [2024-02-29T07:57:30.249+0000] {dagbag.py:538} INFO - Filling up the DagBag from /opt/airflow/dags/dog_api_pipeline.py
[2024-02-29T07:57:30.310+0000] {processor.py:840} INFO - DAG(s) 'dog_api_pipeline' retrieved from /opt/airflow/dags/dog_api_pipeline.py
[2024-02-29T07:57:30.498+0000] {logging_mixin.py:188} INFO - [2024-02-29T07:57:30.498+0000] {dag.py:3033} INFO - Sync 1 DAGs
[2024-02-29T07:57:30.538+0000] {logging_mixin.py:188} INFO - [2024-02-29T07:57:30.537+0000] {dag.py:3820} INFO - Setting next_dagrun for dog_api_pipeline to None, run_after=None
[2024-02-29T07:57:30.586+0000] {processor.py:183} INFO - Processing /opt/airflow/dags/dog_api_pipeline.py took 0.357 seconds
[2024-02-29T07:58:00.885+0000] {processor.py:161} INFO - Started process (PID=3154) to work on /opt/airflow/dags/dog_api_pipeline.py
[2024-02-29T07:58:00.887+0000] {processor.py:830} INFO - Processing file /opt/airflow/dags/dog_api_pipeline.py for tasks to queue
[2024-02-29T07:58:00.890+0000] {logging_mixin.py:188} INFO - [2024-02-29T07:58:00.890+0000] {dagbag.py:538} INFO - Filling up the DagBag from /opt/airflow/dags/dog_api_pipeline.py
[2024-02-29T07:58:00.931+0000] {processor.py:840} INFO - DAG(s) 'dog_api_pipeline' retrieved from /opt/airflow/dags/dog_api_pipeline.py
[2024-02-29T07:58:01.023+0000] {logging_mixin.py:188} INFO - [2024-02-29T07:58:01.023+0000] {dag.py:3033} INFO - Sync 1 DAGs
[2024-02-29T07:58:01.106+0000] {logging_mixin.py:188} INFO - [2024-02-29T07:58:01.106+0000] {dag.py:3820} INFO - Setting next_dagrun for dog_api_pipeline to None, run_after=None
[2024-02-29T07:58:01.331+0000] {processor.py:183} INFO - Processing /opt/airflow/dags/dog_api_pipeline.py took 0.453 seconds
[2024-02-29T07:58:31.549+0000] {processor.py:161} INFO - Started process (PID=3274) to work on /opt/airflow/dags/dog_api_pipeline.py
[2024-02-29T07:58:31.550+0000] {processor.py:830} INFO - Processing file /opt/airflow/dags/dog_api_pipeline.py for tasks to queue
[2024-02-29T07:58:31.552+0000] {logging_mixin.py:188} INFO - [2024-02-29T07:58:31.551+0000] {dagbag.py:538} INFO - Filling up the DagBag from /opt/airflow/dags/dog_api_pipeline.py
[2024-02-29T07:58:31.561+0000] {processor.py:840} INFO - DAG(s) 'dog_api_pipeline' retrieved from /opt/airflow/dags/dog_api_pipeline.py
[2024-02-29T07:58:31.591+0000] {logging_mixin.py:188} INFO - [2024-02-29T07:58:31.591+0000] {dag.py:3033} INFO - Sync 1 DAGs
[2024-02-29T07:58:31.607+0000] {logging_mixin.py:188} INFO - [2024-02-29T07:58:31.606+0000] {dag.py:3820} INFO - Setting next_dagrun for dog_api_pipeline to None, run_after=None
[2024-02-29T07:58:31.630+0000] {processor.py:183} INFO - Processing /opt/airflow/dags/dog_api_pipeline.py took 0.085 seconds
[2024-02-29T07:59:02.187+0000] {processor.py:161} INFO - Started process (PID=3407) to work on /opt/airflow/dags/dog_api_pipeline.py
[2024-02-29T07:59:02.188+0000] {processor.py:830} INFO - Processing file /opt/airflow/dags/dog_api_pipeline.py for tasks to queue
[2024-02-29T07:59:02.188+0000] {logging_mixin.py:188} INFO - [2024-02-29T07:59:02.188+0000] {dagbag.py:538} INFO - Filling up the DagBag from /opt/airflow/dags/dog_api_pipeline.py
[2024-02-29T07:59:02.198+0000] {processor.py:840} INFO - DAG(s) 'dog_api_pipeline' retrieved from /opt/airflow/dags/dog_api_pipeline.py
[2024-02-29T07:59:02.228+0000] {logging_mixin.py:188} INFO - [2024-02-29T07:59:02.228+0000] {dag.py:3033} INFO - Sync 1 DAGs
[2024-02-29T07:59:02.239+0000] {logging_mixin.py:188} INFO - [2024-02-29T07:59:02.239+0000] {dag.py:3820} INFO - Setting next_dagrun for dog_api_pipeline to None, run_after=None
[2024-02-29T07:59:02.257+0000] {processor.py:183} INFO - Processing /opt/airflow/dags/dog_api_pipeline.py took 0.073 seconds
[2024-02-29T07:59:32.658+0000] {processor.py:161} INFO - Started process (PID=3515) to work on /opt/airflow/dags/dog_api_pipeline.py
[2024-02-29T07:59:32.659+0000] {processor.py:830} INFO - Processing file /opt/airflow/dags/dog_api_pipeline.py for tasks to queue
[2024-02-29T07:59:32.659+0000] {logging_mixin.py:188} INFO - [2024-02-29T07:59:32.659+0000] {dagbag.py:538} INFO - Filling up the DagBag from /opt/airflow/dags/dog_api_pipeline.py
[2024-02-29T07:59:32.666+0000] {processor.py:840} INFO - DAG(s) 'dog_api_pipeline' retrieved from /opt/airflow/dags/dog_api_pipeline.py
[2024-02-29T07:59:32.688+0000] {logging_mixin.py:188} INFO - [2024-02-29T07:59:32.688+0000] {dag.py:3033} INFO - Sync 1 DAGs
[2024-02-29T07:59:32.697+0000] {logging_mixin.py:188} INFO - [2024-02-29T07:59:32.697+0000] {dag.py:3820} INFO - Setting next_dagrun for dog_api_pipeline to None, run_after=None
[2024-02-29T07:59:32.715+0000] {processor.py:183} INFO - Processing /opt/airflow/dags/dog_api_pipeline.py took 0.060 seconds
[2024-02-29T08:00:02.926+0000] {processor.py:161} INFO - Started process (PID=3632) to work on /opt/airflow/dags/dog_api_pipeline.py
[2024-02-29T08:00:02.942+0000] {processor.py:830} INFO - Processing file /opt/airflow/dags/dog_api_pipeline.py for tasks to queue
[2024-02-29T08:00:02.943+0000] {logging_mixin.py:188} INFO - [2024-02-29T08:00:02.942+0000] {dagbag.py:538} INFO - Filling up the DagBag from /opt/airflow/dags/dog_api_pipeline.py
[2024-02-29T08:00:03.000+0000] {processor.py:840} INFO - DAG(s) 'dog_api_pipeline' retrieved from /opt/airflow/dags/dog_api_pipeline.py
[2024-02-29T08:00:03.161+0000] {logging_mixin.py:188} INFO - [2024-02-29T08:00:03.161+0000] {dag.py:3033} INFO - Sync 1 DAGs
[2024-02-29T08:00:03.236+0000] {logging_mixin.py:188} INFO - [2024-02-29T08:00:03.236+0000] {dag.py:3820} INFO - Setting next_dagrun for dog_api_pipeline to None, run_after=None
[2024-02-29T08:00:03.344+0000] {processor.py:183} INFO - Processing /opt/airflow/dags/dog_api_pipeline.py took 0.425 seconds
[2024-02-29T08:00:33.530+0000] {processor.py:161} INFO - Started process (PID=3727) to work on /opt/airflow/dags/dog_api_pipeline.py
[2024-02-29T08:00:33.531+0000] {processor.py:830} INFO - Processing file /opt/airflow/dags/dog_api_pipeline.py for tasks to queue
[2024-02-29T08:00:33.532+0000] {logging_mixin.py:188} INFO - [2024-02-29T08:00:33.532+0000] {dagbag.py:538} INFO - Filling up the DagBag from /opt/airflow/dags/dog_api_pipeline.py
[2024-02-29T08:00:33.542+0000] {processor.py:840} INFO - DAG(s) 'dog_api_pipeline' retrieved from /opt/airflow/dags/dog_api_pipeline.py
[2024-02-29T08:00:33.563+0000] {logging_mixin.py:188} INFO - [2024-02-29T08:00:33.563+0000] {dag.py:3033} INFO - Sync 1 DAGs
[2024-02-29T08:00:33.574+0000] {logging_mixin.py:188} INFO - [2024-02-29T08:00:33.574+0000] {dag.py:3820} INFO - Setting next_dagrun for dog_api_pipeline to None, run_after=None
[2024-02-29T08:00:33.592+0000] {processor.py:183} INFO - Processing /opt/airflow/dags/dog_api_pipeline.py took 0.066 seconds
[2024-02-29T08:01:03.924+0000] {processor.py:161} INFO - Started process (PID=3847) to work on /opt/airflow/dags/dog_api_pipeline.py
[2024-02-29T08:01:03.929+0000] {processor.py:830} INFO - Processing file /opt/airflow/dags/dog_api_pipeline.py for tasks to queue
[2024-02-29T08:01:03.930+0000] {logging_mixin.py:188} INFO - [2024-02-29T08:01:03.929+0000] {dagbag.py:538} INFO - Filling up the DagBag from /opt/airflow/dags/dog_api_pipeline.py
[2024-02-29T08:01:03.954+0000] {processor.py:840} INFO - DAG(s) 'dog_api_pipeline' retrieved from /opt/airflow/dags/dog_api_pipeline.py
[2024-02-29T08:01:04.031+0000] {logging_mixin.py:188} INFO - [2024-02-29T08:01:04.031+0000] {dag.py:3033} INFO - Sync 1 DAGs
[2024-02-29T08:01:04.073+0000] {logging_mixin.py:188} INFO - [2024-02-29T08:01:04.073+0000] {dag.py:3820} INFO - Setting next_dagrun for dog_api_pipeline to None, run_after=None
[2024-02-29T08:01:04.144+0000] {processor.py:183} INFO - Processing /opt/airflow/dags/dog_api_pipeline.py took 0.231 seconds
[2024-02-29T08:01:34.806+0000] {processor.py:161} INFO - Started process (PID=3973) to work on /opt/airflow/dags/dog_api_pipeline.py
[2024-02-29T08:01:34.808+0000] {processor.py:830} INFO - Processing file /opt/airflow/dags/dog_api_pipeline.py for tasks to queue
[2024-02-29T08:01:34.819+0000] {logging_mixin.py:188} INFO - [2024-02-29T08:01:34.819+0000] {dagbag.py:538} INFO - Filling up the DagBag from /opt/airflow/dags/dog_api_pipeline.py
[2024-02-29T08:01:34.877+0000] {processor.py:840} INFO - DAG(s) 'dog_api_pipeline' retrieved from /opt/airflow/dags/dog_api_pipeline.py
[2024-02-29T08:01:34.949+0000] {logging_mixin.py:188} INFO - [2024-02-29T08:01:34.949+0000] {dag.py:3033} INFO - Sync 1 DAGs
[2024-02-29T08:01:35.001+0000] {logging_mixin.py:188} INFO - [2024-02-29T08:01:35.001+0000] {dag.py:3820} INFO - Setting next_dagrun for dog_api_pipeline to None, run_after=None
[2024-02-29T08:01:35.106+0000] {processor.py:183} INFO - Processing /opt/airflow/dags/dog_api_pipeline.py took 0.324 seconds
[2024-02-29T08:02:05.249+0000] {processor.py:161} INFO - Started process (PID=4016) to work on /opt/airflow/dags/dog_api_pipeline.py
[2024-02-29T08:02:05.250+0000] {processor.py:830} INFO - Processing file /opt/airflow/dags/dog_api_pipeline.py for tasks to queue
[2024-02-29T08:02:05.250+0000] {logging_mixin.py:188} INFO - [2024-02-29T08:02:05.250+0000] {dagbag.py:538} INFO - Filling up the DagBag from /opt/airflow/dags/dog_api_pipeline.py
[2024-02-29T08:02:05.257+0000] {processor.py:840} INFO - DAG(s) 'dog_api_pipeline' retrieved from /opt/airflow/dags/dog_api_pipeline.py
[2024-02-29T08:02:05.277+0000] {logging_mixin.py:188} INFO - [2024-02-29T08:02:05.276+0000] {dag.py:3033} INFO - Sync 1 DAGs
[2024-02-29T08:02:05.289+0000] {logging_mixin.py:188} INFO - [2024-02-29T08:02:05.289+0000] {dag.py:3820} INFO - Setting next_dagrun for dog_api_pipeline to None, run_after=None
[2024-02-29T08:02:05.308+0000] {processor.py:183} INFO - Processing /opt/airflow/dags/dog_api_pipeline.py took 0.061 seconds
[2024-02-29T08:02:35.579+0000] {processor.py:161} INFO - Started process (PID=4052) to work on /opt/airflow/dags/dog_api_pipeline.py
[2024-02-29T08:02:35.580+0000] {processor.py:830} INFO - Processing file /opt/airflow/dags/dog_api_pipeline.py for tasks to queue
[2024-02-29T08:02:35.581+0000] {logging_mixin.py:188} INFO - [2024-02-29T08:02:35.581+0000] {dagbag.py:538} INFO - Filling up the DagBag from /opt/airflow/dags/dog_api_pipeline.py
[2024-02-29T08:02:35.591+0000] {processor.py:840} INFO - DAG(s) 'dog_api_pipeline' retrieved from /opt/airflow/dags/dog_api_pipeline.py
[2024-02-29T08:02:35.623+0000] {logging_mixin.py:188} INFO - [2024-02-29T08:02:35.622+0000] {dag.py:3033} INFO - Sync 1 DAGs
[2024-02-29T08:02:35.636+0000] {logging_mixin.py:188} INFO - [2024-02-29T08:02:35.636+0000] {dag.py:3820} INFO - Setting next_dagrun for dog_api_pipeline to None, run_after=None
[2024-02-29T08:02:35.679+0000] {processor.py:183} INFO - Processing /opt/airflow/dags/dog_api_pipeline.py took 0.104 seconds
