[2024-02-28T07:10:40.648+0000] {processor.py:161} INFO - Started process (PID=170) to work on /opt/airflow/dags/dog_api_pipeline.py
[2024-02-28T07:10:40.651+0000] {processor.py:830} INFO - Processing file /opt/airflow/dags/dog_api_pipeline.py for tasks to queue
[2024-02-28T07:10:40.665+0000] {logging_mixin.py:188} INFO - [2024-02-28T07:10:40.664+0000] {dagbag.py:538} INFO - Filling up the DagBag from /opt/airflow/dags/dog_api_pipeline.py
[2024-02-28T07:10:40.686+0000] {processor.py:840} INFO - DAG(s) 'dog_api_pipeline' retrieved from /opt/airflow/dags/dog_api_pipeline.py
[2024-02-28T07:10:41.327+0000] {logging_mixin.py:188} INFO - [2024-02-28T07:10:41.326+0000] {override.py:1769} INFO - Created Permission View: can read on DAG:dog_api_pipeline
[2024-02-28T07:10:41.353+0000] {logging_mixin.py:188} INFO - [2024-02-28T07:10:41.352+0000] {override.py:1769} INFO - Created Permission View: can delete on DAG:dog_api_pipeline
[2024-02-28T07:10:41.369+0000] {logging_mixin.py:188} INFO - [2024-02-28T07:10:41.368+0000] {override.py:1769} INFO - Created Permission View: can edit on DAG:dog_api_pipeline
[2024-02-28T07:10:41.370+0000] {logging_mixin.py:188} INFO - [2024-02-28T07:10:41.369+0000] {dag.py:3033} INFO - Sync 1 DAGs
[2024-02-28T07:10:41.384+0000] {logging_mixin.py:188} INFO - [2024-02-28T07:10:41.383+0000] {dag.py:3055} INFO - Creating ORM DAG for dog_api_pipeline
[2024-02-28T07:10:41.384+0000] {logging_mixin.py:188} INFO - [2024-02-28T07:10:41.384+0000] {dag.py:3820} INFO - Setting next_dagrun for dog_api_pipeline to None, run_after=None
[2024-02-28T07:10:41.404+0000] {processor.py:183} INFO - Processing /opt/airflow/dags/dog_api_pipeline.py took 0.767 seconds
[2024-02-28T07:11:11.596+0000] {processor.py:161} INFO - Started process (PID=192) to work on /opt/airflow/dags/dog_api_pipeline.py
[2024-02-28T07:11:11.597+0000] {processor.py:830} INFO - Processing file /opt/airflow/dags/dog_api_pipeline.py for tasks to queue
[2024-02-28T07:11:11.598+0000] {logging_mixin.py:188} INFO - [2024-02-28T07:11:11.597+0000] {dagbag.py:538} INFO - Filling up the DagBag from /opt/airflow/dags/dog_api_pipeline.py
[2024-02-28T07:11:11.605+0000] {processor.py:840} INFO - DAG(s) 'dog_api_pipeline' retrieved from /opt/airflow/dags/dog_api_pipeline.py
[2024-02-28T07:11:11.631+0000] {logging_mixin.py:188} INFO - [2024-02-28T07:11:11.631+0000] {dag.py:3033} INFO - Sync 1 DAGs
[2024-02-28T07:11:11.646+0000] {logging_mixin.py:188} INFO - [2024-02-28T07:11:11.646+0000] {dag.py:3820} INFO - Setting next_dagrun for dog_api_pipeline to None, run_after=None
[2024-02-28T07:11:11.665+0000] {processor.py:183} INFO - Processing /opt/airflow/dags/dog_api_pipeline.py took 0.072 seconds
[2024-02-28T07:11:41.738+0000] {processor.py:161} INFO - Started process (PID=223) to work on /opt/airflow/dags/dog_api_pipeline.py
[2024-02-28T07:11:41.738+0000] {processor.py:830} INFO - Processing file /opt/airflow/dags/dog_api_pipeline.py for tasks to queue
[2024-02-28T07:11:41.739+0000] {logging_mixin.py:188} INFO - [2024-02-28T07:11:41.739+0000] {dagbag.py:538} INFO - Filling up the DagBag from /opt/airflow/dags/dog_api_pipeline.py
[2024-02-28T07:11:41.746+0000] {processor.py:840} INFO - DAG(s) 'dog_api_pipeline' retrieved from /opt/airflow/dags/dog_api_pipeline.py
[2024-02-28T07:11:41.772+0000] {logging_mixin.py:188} INFO - [2024-02-28T07:11:41.772+0000] {dag.py:3033} INFO - Sync 1 DAGs
[2024-02-28T07:11:41.783+0000] {logging_mixin.py:188} INFO - [2024-02-28T07:11:41.783+0000] {dag.py:3820} INFO - Setting next_dagrun for dog_api_pipeline to None, run_after=None
[2024-02-28T07:11:41.811+0000] {processor.py:183} INFO - Processing /opt/airflow/dags/dog_api_pipeline.py took 0.076 seconds
[2024-02-28T07:12:11.921+0000] {processor.py:161} INFO - Started process (PID=244) to work on /opt/airflow/dags/dog_api_pipeline.py
[2024-02-28T07:12:11.921+0000] {processor.py:830} INFO - Processing file /opt/airflow/dags/dog_api_pipeline.py for tasks to queue
[2024-02-28T07:12:11.922+0000] {logging_mixin.py:188} INFO - [2024-02-28T07:12:11.922+0000] {dagbag.py:538} INFO - Filling up the DagBag from /opt/airflow/dags/dog_api_pipeline.py
[2024-02-28T07:12:11.929+0000] {processor.py:840} INFO - DAG(s) 'dog_api_pipeline' retrieved from /opt/airflow/dags/dog_api_pipeline.py
[2024-02-28T07:12:11.952+0000] {logging_mixin.py:188} INFO - [2024-02-28T07:12:11.952+0000] {dag.py:3033} INFO - Sync 1 DAGs
[2024-02-28T07:12:11.962+0000] {logging_mixin.py:188} INFO - [2024-02-28T07:12:11.962+0000] {dag.py:3820} INFO - Setting next_dagrun for dog_api_pipeline to None, run_after=None
[2024-02-28T07:12:11.982+0000] {processor.py:183} INFO - Processing /opt/airflow/dags/dog_api_pipeline.py took 0.064 seconds
[2024-02-28T07:12:42.077+0000] {processor.py:161} INFO - Started process (PID=266) to work on /opt/airflow/dags/dog_api_pipeline.py
[2024-02-28T07:12:42.077+0000] {processor.py:830} INFO - Processing file /opt/airflow/dags/dog_api_pipeline.py for tasks to queue
[2024-02-28T07:12:42.078+0000] {logging_mixin.py:188} INFO - [2024-02-28T07:12:42.078+0000] {dagbag.py:538} INFO - Filling up the DagBag from /opt/airflow/dags/dog_api_pipeline.py
[2024-02-28T07:12:42.085+0000] {processor.py:840} INFO - DAG(s) 'dog_api_pipeline' retrieved from /opt/airflow/dags/dog_api_pipeline.py
[2024-02-28T07:12:42.107+0000] {logging_mixin.py:188} INFO - [2024-02-28T07:12:42.107+0000] {dag.py:3033} INFO - Sync 1 DAGs
[2024-02-28T07:12:42.118+0000] {logging_mixin.py:188} INFO - [2024-02-28T07:12:42.118+0000] {dag.py:3820} INFO - Setting next_dagrun for dog_api_pipeline to None, run_after=None
[2024-02-28T07:12:42.138+0000] {processor.py:183} INFO - Processing /opt/airflow/dags/dog_api_pipeline.py took 0.064 seconds
[2024-02-28T07:13:12.230+0000] {processor.py:161} INFO - Started process (PID=298) to work on /opt/airflow/dags/dog_api_pipeline.py
[2024-02-28T07:13:12.235+0000] {processor.py:830} INFO - Processing file /opt/airflow/dags/dog_api_pipeline.py for tasks to queue
[2024-02-28T07:13:12.237+0000] {logging_mixin.py:188} INFO - [2024-02-28T07:13:12.236+0000] {dagbag.py:538} INFO - Filling up the DagBag from /opt/airflow/dags/dog_api_pipeline.py
[2024-02-28T07:13:12.247+0000] {processor.py:840} INFO - DAG(s) 'dog_api_pipeline' retrieved from /opt/airflow/dags/dog_api_pipeline.py
[2024-02-28T07:13:12.280+0000] {logging_mixin.py:188} INFO - [2024-02-28T07:13:12.280+0000] {dag.py:3033} INFO - Sync 1 DAGs
[2024-02-28T07:13:12.294+0000] {logging_mixin.py:188} INFO - [2024-02-28T07:13:12.293+0000] {dag.py:3820} INFO - Setting next_dagrun for dog_api_pipeline to None, run_after=None
[2024-02-28T07:13:12.317+0000] {processor.py:183} INFO - Processing /opt/airflow/dags/dog_api_pipeline.py took 0.090 seconds
[2024-02-28T07:13:42.378+0000] {processor.py:161} INFO - Started process (PID=320) to work on /opt/airflow/dags/dog_api_pipeline.py
[2024-02-28T07:13:42.378+0000] {processor.py:830} INFO - Processing file /opt/airflow/dags/dog_api_pipeline.py for tasks to queue
[2024-02-28T07:13:42.379+0000] {logging_mixin.py:188} INFO - [2024-02-28T07:13:42.379+0000] {dagbag.py:538} INFO - Filling up the DagBag from /opt/airflow/dags/dog_api_pipeline.py
[2024-02-28T07:13:42.386+0000] {processor.py:840} INFO - DAG(s) 'dog_api_pipeline' retrieved from /opt/airflow/dags/dog_api_pipeline.py
[2024-02-28T07:13:42.413+0000] {logging_mixin.py:188} INFO - [2024-02-28T07:13:42.413+0000] {dag.py:3033} INFO - Sync 1 DAGs
[2024-02-28T07:13:42.428+0000] {logging_mixin.py:188} INFO - [2024-02-28T07:13:42.428+0000] {dag.py:3820} INFO - Setting next_dagrun for dog_api_pipeline to None, run_after=None
[2024-02-28T07:13:42.474+0000] {processor.py:183} INFO - Processing /opt/airflow/dags/dog_api_pipeline.py took 0.099 seconds
[2024-02-28T07:14:12.638+0000] {processor.py:161} INFO - Started process (PID=341) to work on /opt/airflow/dags/dog_api_pipeline.py
[2024-02-28T07:14:12.639+0000] {processor.py:830} INFO - Processing file /opt/airflow/dags/dog_api_pipeline.py for tasks to queue
[2024-02-28T07:14:12.639+0000] {logging_mixin.py:188} INFO - [2024-02-28T07:14:12.639+0000] {dagbag.py:538} INFO - Filling up the DagBag from /opt/airflow/dags/dog_api_pipeline.py
[2024-02-28T07:14:12.647+0000] {processor.py:840} INFO - DAG(s) 'dog_api_pipeline' retrieved from /opt/airflow/dags/dog_api_pipeline.py
[2024-02-28T07:14:12.671+0000] {logging_mixin.py:188} INFO - [2024-02-28T07:14:12.671+0000] {dag.py:3033} INFO - Sync 1 DAGs
[2024-02-28T07:14:12.681+0000] {logging_mixin.py:188} INFO - [2024-02-28T07:14:12.681+0000] {dag.py:3820} INFO - Setting next_dagrun for dog_api_pipeline to None, run_after=None
[2024-02-28T07:14:12.700+0000] {processor.py:183} INFO - Processing /opt/airflow/dags/dog_api_pipeline.py took 0.065 seconds
[2024-02-28T07:14:42.786+0000] {processor.py:161} INFO - Started process (PID=371) to work on /opt/airflow/dags/dog_api_pipeline.py
[2024-02-28T07:14:42.787+0000] {processor.py:830} INFO - Processing file /opt/airflow/dags/dog_api_pipeline.py for tasks to queue
[2024-02-28T07:14:42.787+0000] {logging_mixin.py:188} INFO - [2024-02-28T07:14:42.787+0000] {dagbag.py:538} INFO - Filling up the DagBag from /opt/airflow/dags/dog_api_pipeline.py
[2024-02-28T07:14:42.794+0000] {processor.py:840} INFO - DAG(s) 'dog_api_pipeline' retrieved from /opt/airflow/dags/dog_api_pipeline.py
[2024-02-28T07:14:42.819+0000] {logging_mixin.py:188} INFO - [2024-02-28T07:14:42.819+0000] {dag.py:3033} INFO - Sync 1 DAGs
[2024-02-28T07:14:42.831+0000] {logging_mixin.py:188} INFO - [2024-02-28T07:14:42.830+0000] {dag.py:3820} INFO - Setting next_dagrun for dog_api_pipeline to None, run_after=None
[2024-02-28T07:14:42.850+0000] {processor.py:183} INFO - Processing /opt/airflow/dags/dog_api_pipeline.py took 0.066 seconds
[2024-02-28T07:15:12.930+0000] {processor.py:161} INFO - Started process (PID=393) to work on /opt/airflow/dags/dog_api_pipeline.py
[2024-02-28T07:15:12.930+0000] {processor.py:830} INFO - Processing file /opt/airflow/dags/dog_api_pipeline.py for tasks to queue
[2024-02-28T07:15:12.931+0000] {logging_mixin.py:188} INFO - [2024-02-28T07:15:12.931+0000] {dagbag.py:538} INFO - Filling up the DagBag from /opt/airflow/dags/dog_api_pipeline.py
[2024-02-28T07:15:12.938+0000] {processor.py:840} INFO - DAG(s) 'dog_api_pipeline' retrieved from /opt/airflow/dags/dog_api_pipeline.py
[2024-02-28T07:15:12.963+0000] {logging_mixin.py:188} INFO - [2024-02-28T07:15:12.963+0000] {dag.py:3033} INFO - Sync 1 DAGs
[2024-02-28T07:15:12.973+0000] {logging_mixin.py:188} INFO - [2024-02-28T07:15:12.973+0000] {dag.py:3820} INFO - Setting next_dagrun for dog_api_pipeline to None, run_after=None
[2024-02-28T07:15:12.992+0000] {processor.py:183} INFO - Processing /opt/airflow/dags/dog_api_pipeline.py took 0.065 seconds
[2024-02-28T07:15:43.132+0000] {processor.py:161} INFO - Started process (PID=416) to work on /opt/airflow/dags/dog_api_pipeline.py
[2024-02-28T07:15:43.132+0000] {processor.py:830} INFO - Processing file /opt/airflow/dags/dog_api_pipeline.py for tasks to queue
[2024-02-28T07:15:43.133+0000] {logging_mixin.py:188} INFO - [2024-02-28T07:15:43.133+0000] {dagbag.py:538} INFO - Filling up the DagBag from /opt/airflow/dags/dog_api_pipeline.py
[2024-02-28T07:15:43.140+0000] {processor.py:840} INFO - DAG(s) 'dog_api_pipeline' retrieved from /opt/airflow/dags/dog_api_pipeline.py
[2024-02-28T07:15:43.167+0000] {logging_mixin.py:188} INFO - [2024-02-28T07:15:43.167+0000] {dag.py:3033} INFO - Sync 1 DAGs
[2024-02-28T07:15:43.179+0000] {logging_mixin.py:188} INFO - [2024-02-28T07:15:43.179+0000] {dag.py:3820} INFO - Setting next_dagrun for dog_api_pipeline to None, run_after=None
[2024-02-28T07:15:43.199+0000] {processor.py:183} INFO - Processing /opt/airflow/dags/dog_api_pipeline.py took 0.071 seconds
[2024-02-28T07:16:13.272+0000] {processor.py:161} INFO - Started process (PID=447) to work on /opt/airflow/dags/dog_api_pipeline.py
[2024-02-28T07:16:13.273+0000] {processor.py:830} INFO - Processing file /opt/airflow/dags/dog_api_pipeline.py for tasks to queue
[2024-02-28T07:16:13.273+0000] {logging_mixin.py:188} INFO - [2024-02-28T07:16:13.273+0000] {dagbag.py:538} INFO - Filling up the DagBag from /opt/airflow/dags/dog_api_pipeline.py
[2024-02-28T07:16:13.280+0000] {processor.py:840} INFO - DAG(s) 'dog_api_pipeline' retrieved from /opt/airflow/dags/dog_api_pipeline.py
[2024-02-28T07:16:13.304+0000] {logging_mixin.py:188} INFO - [2024-02-28T07:16:13.304+0000] {dag.py:3033} INFO - Sync 1 DAGs
[2024-02-28T07:16:13.314+0000] {logging_mixin.py:188} INFO - [2024-02-28T07:16:13.314+0000] {dag.py:3820} INFO - Setting next_dagrun for dog_api_pipeline to None, run_after=None
[2024-02-28T07:16:13.334+0000] {processor.py:183} INFO - Processing /opt/airflow/dags/dog_api_pipeline.py took 0.065 seconds
[2024-02-28T07:16:36.413+0000] {processor.py:161} INFO - Started process (PID=470) to work on /opt/airflow/dags/dog_api_pipeline.py
[2024-02-28T07:16:36.414+0000] {processor.py:830} INFO - Processing file /opt/airflow/dags/dog_api_pipeline.py for tasks to queue
[2024-02-28T07:16:36.415+0000] {logging_mixin.py:188} INFO - [2024-02-28T07:16:36.415+0000] {dagbag.py:538} INFO - Filling up the DagBag from /opt/airflow/dags/dog_api_pipeline.py
[2024-02-28T07:16:36.431+0000] {processor.py:840} INFO - DAG(s) 'dog_api_pipeline' retrieved from /opt/airflow/dags/dog_api_pipeline.py
[2024-02-28T07:16:36.509+0000] {logging_mixin.py:188} INFO - [2024-02-28T07:16:36.508+0000] {dag.py:3033} INFO - Sync 1 DAGs
[2024-02-28T07:16:36.534+0000] {logging_mixin.py:188} INFO - [2024-02-28T07:16:36.534+0000] {dag.py:3820} INFO - Setting next_dagrun for dog_api_pipeline to None, run_after=None
[2024-02-28T07:16:36.632+0000] {processor.py:183} INFO - Processing /opt/airflow/dags/dog_api_pipeline.py took 0.223 seconds
[2024-02-28T07:17:01.777+0000] {processor.py:161} INFO - Started process (PID=491) to work on /opt/airflow/dags/dog_api_pipeline.py
[2024-02-28T07:17:01.779+0000] {processor.py:830} INFO - Processing file /opt/airflow/dags/dog_api_pipeline.py for tasks to queue
[2024-02-28T07:17:01.780+0000] {logging_mixin.py:188} INFO - [2024-02-28T07:17:01.779+0000] {dagbag.py:538} INFO - Filling up the DagBag from /opt/airflow/dags/dog_api_pipeline.py
[2024-02-28T07:17:01.797+0000] {processor.py:840} INFO - DAG(s) 'dog_api_pipeline' retrieved from /opt/airflow/dags/dog_api_pipeline.py
[2024-02-28T07:17:01.848+0000] {logging_mixin.py:188} INFO - [2024-02-28T07:17:01.848+0000] {dag.py:3033} INFO - Sync 1 DAGs
[2024-02-28T07:17:01.877+0000] {logging_mixin.py:188} INFO - [2024-02-28T07:17:01.877+0000] {dag.py:3820} INFO - Setting next_dagrun for dog_api_pipeline to None, run_after=None
[2024-02-28T07:17:01.938+0000] {processor.py:183} INFO - Processing /opt/airflow/dags/dog_api_pipeline.py took 0.165 seconds
[2024-02-28T07:17:32.076+0000] {processor.py:161} INFO - Started process (PID=514) to work on /opt/airflow/dags/dog_api_pipeline.py
[2024-02-28T07:17:32.077+0000] {processor.py:830} INFO - Processing file /opt/airflow/dags/dog_api_pipeline.py for tasks to queue
[2024-02-28T07:17:32.078+0000] {logging_mixin.py:188} INFO - [2024-02-28T07:17:32.078+0000] {dagbag.py:538} INFO - Filling up the DagBag from /opt/airflow/dags/dog_api_pipeline.py
[2024-02-28T07:17:32.088+0000] {processor.py:840} INFO - DAG(s) 'dog_api_pipeline' retrieved from /opt/airflow/dags/dog_api_pipeline.py
[2024-02-28T07:17:32.135+0000] {logging_mixin.py:188} INFO - [2024-02-28T07:17:32.135+0000] {dag.py:3033} INFO - Sync 1 DAGs
[2024-02-28T07:17:32.154+0000] {logging_mixin.py:188} INFO - [2024-02-28T07:17:32.154+0000] {dag.py:3820} INFO - Setting next_dagrun for dog_api_pipeline to None, run_after=None
[2024-02-28T07:17:32.198+0000] {processor.py:183} INFO - Processing /opt/airflow/dags/dog_api_pipeline.py took 0.126 seconds
[2024-02-28T07:18:02.329+0000] {processor.py:161} INFO - Started process (PID=536) to work on /opt/airflow/dags/dog_api_pipeline.py
[2024-02-28T07:18:02.330+0000] {processor.py:830} INFO - Processing file /opt/airflow/dags/dog_api_pipeline.py for tasks to queue
[2024-02-28T07:18:02.331+0000] {logging_mixin.py:188} INFO - [2024-02-28T07:18:02.330+0000] {dagbag.py:538} INFO - Filling up the DagBag from /opt/airflow/dags/dog_api_pipeline.py
[2024-02-28T07:18:02.337+0000] {processor.py:840} INFO - DAG(s) 'dog_api_pipeline' retrieved from /opt/airflow/dags/dog_api_pipeline.py
[2024-02-28T07:18:02.359+0000] {logging_mixin.py:188} INFO - [2024-02-28T07:18:02.359+0000] {dag.py:3033} INFO - Sync 1 DAGs
[2024-02-28T07:18:02.369+0000] {logging_mixin.py:188} INFO - [2024-02-28T07:18:02.369+0000] {dag.py:3820} INFO - Setting next_dagrun for dog_api_pipeline to None, run_after=None
[2024-02-28T07:18:02.389+0000] {processor.py:183} INFO - Processing /opt/airflow/dags/dog_api_pipeline.py took 0.062 seconds
[2024-02-28T07:18:32.460+0000] {processor.py:161} INFO - Started process (PID=567) to work on /opt/airflow/dags/dog_api_pipeline.py
[2024-02-28T07:18:32.462+0000] {processor.py:830} INFO - Processing file /opt/airflow/dags/dog_api_pipeline.py for tasks to queue
[2024-02-28T07:18:32.463+0000] {logging_mixin.py:188} INFO - [2024-02-28T07:18:32.463+0000] {dagbag.py:538} INFO - Filling up the DagBag from /opt/airflow/dags/dog_api_pipeline.py
[2024-02-28T07:18:32.473+0000] {processor.py:840} INFO - DAG(s) 'dog_api_pipeline' retrieved from /opt/airflow/dags/dog_api_pipeline.py
[2024-02-28T07:18:32.511+0000] {logging_mixin.py:188} INFO - [2024-02-28T07:18:32.511+0000] {dag.py:3033} INFO - Sync 1 DAGs
[2024-02-28T07:18:32.531+0000] {logging_mixin.py:188} INFO - [2024-02-28T07:18:32.531+0000] {dag.py:3820} INFO - Setting next_dagrun for dog_api_pipeline to None, run_after=None
[2024-02-28T07:18:32.557+0000] {processor.py:183} INFO - Processing /opt/airflow/dags/dog_api_pipeline.py took 0.100 seconds
[2024-02-28T07:19:02.641+0000] {processor.py:161} INFO - Started process (PID=588) to work on /opt/airflow/dags/dog_api_pipeline.py
[2024-02-28T07:19:02.641+0000] {processor.py:830} INFO - Processing file /opt/airflow/dags/dog_api_pipeline.py for tasks to queue
[2024-02-28T07:19:02.642+0000] {logging_mixin.py:188} INFO - [2024-02-28T07:19:02.642+0000] {dagbag.py:538} INFO - Filling up the DagBag from /opt/airflow/dags/dog_api_pipeline.py
[2024-02-28T07:19:02.649+0000] {processor.py:840} INFO - DAG(s) 'dog_api_pipeline' retrieved from /opt/airflow/dags/dog_api_pipeline.py
[2024-02-28T07:19:02.673+0000] {logging_mixin.py:188} INFO - [2024-02-28T07:19:02.673+0000] {dag.py:3033} INFO - Sync 1 DAGs
[2024-02-28T07:19:02.683+0000] {logging_mixin.py:188} INFO - [2024-02-28T07:19:02.683+0000] {dag.py:3820} INFO - Setting next_dagrun for dog_api_pipeline to None, run_after=None
[2024-02-28T07:19:02.704+0000] {processor.py:183} INFO - Processing /opt/airflow/dags/dog_api_pipeline.py took 0.066 seconds
[2024-02-28T07:19:32.796+0000] {processor.py:161} INFO - Started process (PID=609) to work on /opt/airflow/dags/dog_api_pipeline.py
[2024-02-28T07:19:32.797+0000] {processor.py:830} INFO - Processing file /opt/airflow/dags/dog_api_pipeline.py for tasks to queue
[2024-02-28T07:19:32.798+0000] {logging_mixin.py:188} INFO - [2024-02-28T07:19:32.797+0000] {dagbag.py:538} INFO - Filling up the DagBag from /opt/airflow/dags/dog_api_pipeline.py
[2024-02-28T07:19:32.804+0000] {processor.py:840} INFO - DAG(s) 'dog_api_pipeline' retrieved from /opt/airflow/dags/dog_api_pipeline.py
[2024-02-28T07:19:32.826+0000] {logging_mixin.py:188} INFO - [2024-02-28T07:19:32.826+0000] {dag.py:3033} INFO - Sync 1 DAGs
[2024-02-28T07:19:32.837+0000] {logging_mixin.py:188} INFO - [2024-02-28T07:19:32.837+0000] {dag.py:3820} INFO - Setting next_dagrun for dog_api_pipeline to None, run_after=None
[2024-02-28T07:19:32.858+0000] {processor.py:183} INFO - Processing /opt/airflow/dags/dog_api_pipeline.py took 0.065 seconds
[2024-02-28T07:20:02.957+0000] {processor.py:161} INFO - Started process (PID=638) to work on /opt/airflow/dags/dog_api_pipeline.py
[2024-02-28T07:20:02.958+0000] {processor.py:830} INFO - Processing file /opt/airflow/dags/dog_api_pipeline.py for tasks to queue
[2024-02-28T07:20:02.959+0000] {logging_mixin.py:188} INFO - [2024-02-28T07:20:02.959+0000] {dagbag.py:538} INFO - Filling up the DagBag from /opt/airflow/dags/dog_api_pipeline.py
[2024-02-28T07:20:02.969+0000] {processor.py:840} INFO - DAG(s) 'dog_api_pipeline' retrieved from /opt/airflow/dags/dog_api_pipeline.py
[2024-02-28T07:20:03.000+0000] {logging_mixin.py:188} INFO - [2024-02-28T07:20:02.999+0000] {dag.py:3033} INFO - Sync 1 DAGs
[2024-02-28T07:20:03.016+0000] {logging_mixin.py:188} INFO - [2024-02-28T07:20:03.015+0000] {dag.py:3820} INFO - Setting next_dagrun for dog_api_pipeline to None, run_after=None
[2024-02-28T07:20:03.042+0000] {processor.py:183} INFO - Processing /opt/airflow/dags/dog_api_pipeline.py took 0.093 seconds
[2024-02-28T07:20:33.095+0000] {processor.py:161} INFO - Started process (PID=661) to work on /opt/airflow/dags/dog_api_pipeline.py
[2024-02-28T07:20:33.095+0000] {processor.py:830} INFO - Processing file /opt/airflow/dags/dog_api_pipeline.py for tasks to queue
[2024-02-28T07:20:33.096+0000] {logging_mixin.py:188} INFO - [2024-02-28T07:20:33.096+0000] {dagbag.py:538} INFO - Filling up the DagBag from /opt/airflow/dags/dog_api_pipeline.py
[2024-02-28T07:20:33.103+0000] {processor.py:840} INFO - DAG(s) 'dog_api_pipeline' retrieved from /opt/airflow/dags/dog_api_pipeline.py
[2024-02-28T07:20:33.125+0000] {logging_mixin.py:188} INFO - [2024-02-28T07:20:33.125+0000] {dag.py:3033} INFO - Sync 1 DAGs
[2024-02-28T07:20:33.138+0000] {logging_mixin.py:188} INFO - [2024-02-28T07:20:33.138+0000] {dag.py:3820} INFO - Setting next_dagrun for dog_api_pipeline to None, run_after=None
[2024-02-28T07:20:33.160+0000] {processor.py:183} INFO - Processing /opt/airflow/dags/dog_api_pipeline.py took 0.068 seconds
[2024-02-28T07:21:03.292+0000] {processor.py:161} INFO - Started process (PID=683) to work on /opt/airflow/dags/dog_api_pipeline.py
[2024-02-28T07:21:03.293+0000] {processor.py:830} INFO - Processing file /opt/airflow/dags/dog_api_pipeline.py for tasks to queue
[2024-02-28T07:21:03.294+0000] {logging_mixin.py:188} INFO - [2024-02-28T07:21:03.293+0000] {dagbag.py:538} INFO - Filling up the DagBag from /opt/airflow/dags/dog_api_pipeline.py
[2024-02-28T07:21:03.300+0000] {processor.py:840} INFO - DAG(s) 'dog_api_pipeline' retrieved from /opt/airflow/dags/dog_api_pipeline.py
[2024-02-28T07:21:03.323+0000] {logging_mixin.py:188} INFO - [2024-02-28T07:21:03.322+0000] {dag.py:3033} INFO - Sync 1 DAGs
[2024-02-28T07:21:03.333+0000] {logging_mixin.py:188} INFO - [2024-02-28T07:21:03.333+0000] {dag.py:3820} INFO - Setting next_dagrun for dog_api_pipeline to None, run_after=None
[2024-02-28T07:21:03.352+0000] {processor.py:183} INFO - Processing /opt/airflow/dags/dog_api_pipeline.py took 0.063 seconds
[2024-02-28T07:21:33.424+0000] {processor.py:161} INFO - Started process (PID=712) to work on /opt/airflow/dags/dog_api_pipeline.py
[2024-02-28T07:21:33.425+0000] {processor.py:830} INFO - Processing file /opt/airflow/dags/dog_api_pipeline.py for tasks to queue
[2024-02-28T07:21:33.426+0000] {logging_mixin.py:188} INFO - [2024-02-28T07:21:33.426+0000] {dagbag.py:538} INFO - Filling up the DagBag from /opt/airflow/dags/dog_api_pipeline.py
[2024-02-28T07:21:33.438+0000] {processor.py:840} INFO - DAG(s) 'dog_api_pipeline' retrieved from /opt/airflow/dags/dog_api_pipeline.py
[2024-02-28T07:21:33.492+0000] {logging_mixin.py:188} INFO - [2024-02-28T07:21:33.492+0000] {dag.py:3033} INFO - Sync 1 DAGs
[2024-02-28T07:21:33.540+0000] {logging_mixin.py:188} INFO - [2024-02-28T07:21:33.540+0000] {dag.py:3820} INFO - Setting next_dagrun for dog_api_pipeline to None, run_after=None
[2024-02-28T07:21:33.632+0000] {processor.py:183} INFO - Processing /opt/airflow/dags/dog_api_pipeline.py took 0.212 seconds
[2024-02-28T07:22:03.697+0000] {processor.py:161} INFO - Started process (PID=734) to work on /opt/airflow/dags/dog_api_pipeline.py
[2024-02-28T07:22:03.697+0000] {processor.py:830} INFO - Processing file /opt/airflow/dags/dog_api_pipeline.py for tasks to queue
[2024-02-28T07:22:03.698+0000] {logging_mixin.py:188} INFO - [2024-02-28T07:22:03.698+0000] {dagbag.py:538} INFO - Filling up the DagBag from /opt/airflow/dags/dog_api_pipeline.py
[2024-02-28T07:22:03.705+0000] {processor.py:840} INFO - DAG(s) 'dog_api_pipeline' retrieved from /opt/airflow/dags/dog_api_pipeline.py
[2024-02-28T07:22:03.726+0000] {logging_mixin.py:188} INFO - [2024-02-28T07:22:03.726+0000] {dag.py:3033} INFO - Sync 1 DAGs
[2024-02-28T07:22:03.737+0000] {logging_mixin.py:188} INFO - [2024-02-28T07:22:03.737+0000] {dag.py:3820} INFO - Setting next_dagrun for dog_api_pipeline to None, run_after=None
[2024-02-28T07:22:03.756+0000] {processor.py:183} INFO - Processing /opt/airflow/dags/dog_api_pipeline.py took 0.062 seconds
[2024-02-28T07:22:33.912+0000] {processor.py:161} INFO - Started process (PID=755) to work on /opt/airflow/dags/dog_api_pipeline.py
[2024-02-28T07:22:33.913+0000] {processor.py:830} INFO - Processing file /opt/airflow/dags/dog_api_pipeline.py for tasks to queue
[2024-02-28T07:22:33.914+0000] {logging_mixin.py:188} INFO - [2024-02-28T07:22:33.914+0000] {dagbag.py:538} INFO - Filling up the DagBag from /opt/airflow/dags/dog_api_pipeline.py
[2024-02-28T07:22:33.922+0000] {processor.py:840} INFO - DAG(s) 'dog_api_pipeline' retrieved from /opt/airflow/dags/dog_api_pipeline.py
[2024-02-28T07:22:33.944+0000] {logging_mixin.py:188} INFO - [2024-02-28T07:22:33.944+0000] {dag.py:3033} INFO - Sync 1 DAGs
[2024-02-28T07:22:33.954+0000] {logging_mixin.py:188} INFO - [2024-02-28T07:22:33.954+0000] {dag.py:3820} INFO - Setting next_dagrun for dog_api_pipeline to None, run_after=None
[2024-02-28T07:22:33.972+0000] {processor.py:183} INFO - Processing /opt/airflow/dags/dog_api_pipeline.py took 0.063 seconds
[2024-02-28T07:23:04.046+0000] {processor.py:161} INFO - Started process (PID=785) to work on /opt/airflow/dags/dog_api_pipeline.py
[2024-02-28T07:23:04.047+0000] {processor.py:830} INFO - Processing file /opt/airflow/dags/dog_api_pipeline.py for tasks to queue
[2024-02-28T07:23:04.048+0000] {logging_mixin.py:188} INFO - [2024-02-28T07:23:04.048+0000] {dagbag.py:538} INFO - Filling up the DagBag from /opt/airflow/dags/dog_api_pipeline.py
[2024-02-28T07:23:04.057+0000] {processor.py:840} INFO - DAG(s) 'dog_api_pipeline' retrieved from /opt/airflow/dags/dog_api_pipeline.py
[2024-02-28T07:23:04.092+0000] {logging_mixin.py:188} INFO - [2024-02-28T07:23:04.091+0000] {dag.py:3033} INFO - Sync 1 DAGs
[2024-02-28T07:23:04.107+0000] {logging_mixin.py:188} INFO - [2024-02-28T07:23:04.106+0000] {dag.py:3820} INFO - Setting next_dagrun for dog_api_pipeline to None, run_after=None
[2024-02-28T07:23:04.132+0000] {processor.py:183} INFO - Processing /opt/airflow/dags/dog_api_pipeline.py took 0.090 seconds
[2024-02-28T07:23:34.209+0000] {processor.py:161} INFO - Started process (PID=806) to work on /opt/airflow/dags/dog_api_pipeline.py
[2024-02-28T07:23:34.210+0000] {processor.py:830} INFO - Processing file /opt/airflow/dags/dog_api_pipeline.py for tasks to queue
[2024-02-28T07:23:34.211+0000] {logging_mixin.py:188} INFO - [2024-02-28T07:23:34.211+0000] {dagbag.py:538} INFO - Filling up the DagBag from /opt/airflow/dags/dog_api_pipeline.py
[2024-02-28T07:23:34.219+0000] {processor.py:840} INFO - DAG(s) 'dog_api_pipeline' retrieved from /opt/airflow/dags/dog_api_pipeline.py
[2024-02-28T07:23:34.243+0000] {logging_mixin.py:188} INFO - [2024-02-28T07:23:34.243+0000] {dag.py:3033} INFO - Sync 1 DAGs
[2024-02-28T07:23:34.253+0000] {logging_mixin.py:188} INFO - [2024-02-28T07:23:34.253+0000] {dag.py:3820} INFO - Setting next_dagrun for dog_api_pipeline to None, run_after=None
[2024-02-28T07:23:34.276+0000] {processor.py:183} INFO - Processing /opt/airflow/dags/dog_api_pipeline.py took 0.070 seconds
[2024-02-28T07:24:04.371+0000] {processor.py:161} INFO - Started process (PID=828) to work on /opt/airflow/dags/dog_api_pipeline.py
[2024-02-28T07:24:04.372+0000] {processor.py:830} INFO - Processing file /opt/airflow/dags/dog_api_pipeline.py for tasks to queue
[2024-02-28T07:24:04.373+0000] {logging_mixin.py:188} INFO - [2024-02-28T07:24:04.373+0000] {dagbag.py:538} INFO - Filling up the DagBag from /opt/airflow/dags/dog_api_pipeline.py
[2024-02-28T07:24:04.380+0000] {processor.py:840} INFO - DAG(s) 'dog_api_pipeline' retrieved from /opt/airflow/dags/dog_api_pipeline.py
[2024-02-28T07:24:04.401+0000] {logging_mixin.py:188} INFO - [2024-02-28T07:24:04.401+0000] {dag.py:3033} INFO - Sync 1 DAGs
[2024-02-28T07:24:04.412+0000] {logging_mixin.py:188} INFO - [2024-02-28T07:24:04.411+0000] {dag.py:3820} INFO - Setting next_dagrun for dog_api_pipeline to None, run_after=None
[2024-02-28T07:24:04.430+0000] {processor.py:183} INFO - Processing /opt/airflow/dags/dog_api_pipeline.py took 0.061 seconds
[2024-02-28T07:24:34.517+0000] {processor.py:161} INFO - Started process (PID=858) to work on /opt/airflow/dags/dog_api_pipeline.py
[2024-02-28T07:24:34.518+0000] {processor.py:830} INFO - Processing file /opt/airflow/dags/dog_api_pipeline.py for tasks to queue
[2024-02-28T07:24:34.519+0000] {logging_mixin.py:188} INFO - [2024-02-28T07:24:34.518+0000] {dagbag.py:538} INFO - Filling up the DagBag from /opt/airflow/dags/dog_api_pipeline.py
[2024-02-28T07:24:34.527+0000] {processor.py:840} INFO - DAG(s) 'dog_api_pipeline' retrieved from /opt/airflow/dags/dog_api_pipeline.py
[2024-02-28T07:24:34.548+0000] {logging_mixin.py:188} INFO - [2024-02-28T07:24:34.548+0000] {dag.py:3033} INFO - Sync 1 DAGs
[2024-02-28T07:24:34.558+0000] {logging_mixin.py:188} INFO - [2024-02-28T07:24:34.558+0000] {dag.py:3820} INFO - Setting next_dagrun for dog_api_pipeline to None, run_after=None
[2024-02-28T07:24:34.577+0000] {processor.py:183} INFO - Processing /opt/airflow/dags/dog_api_pipeline.py took 0.062 seconds
[2024-02-28T07:25:04.677+0000] {processor.py:161} INFO - Started process (PID=879) to work on /opt/airflow/dags/dog_api_pipeline.py
[2024-02-28T07:25:04.678+0000] {processor.py:830} INFO - Processing file /opt/airflow/dags/dog_api_pipeline.py for tasks to queue
[2024-02-28T07:25:04.679+0000] {logging_mixin.py:188} INFO - [2024-02-28T07:25:04.678+0000] {dagbag.py:538} INFO - Filling up the DagBag from /opt/airflow/dags/dog_api_pipeline.py
[2024-02-28T07:25:04.685+0000] {processor.py:840} INFO - DAG(s) 'dog_api_pipeline' retrieved from /opt/airflow/dags/dog_api_pipeline.py
[2024-02-28T07:25:04.707+0000] {logging_mixin.py:188} INFO - [2024-02-28T07:25:04.707+0000] {dag.py:3033} INFO - Sync 1 DAGs
[2024-02-28T07:25:04.717+0000] {logging_mixin.py:188} INFO - [2024-02-28T07:25:04.717+0000] {dag.py:3820} INFO - Setting next_dagrun for dog_api_pipeline to None, run_after=None
[2024-02-28T07:25:04.737+0000] {processor.py:183} INFO - Processing /opt/airflow/dags/dog_api_pipeline.py took 0.062 seconds
[2024-02-28T07:25:34.808+0000] {processor.py:161} INFO - Started process (PID=900) to work on /opt/airflow/dags/dog_api_pipeline.py
[2024-02-28T07:25:34.809+0000] {processor.py:830} INFO - Processing file /opt/airflow/dags/dog_api_pipeline.py for tasks to queue
[2024-02-28T07:25:34.810+0000] {logging_mixin.py:188} INFO - [2024-02-28T07:25:34.809+0000] {dagbag.py:538} INFO - Filling up the DagBag from /opt/airflow/dags/dog_api_pipeline.py
[2024-02-28T07:25:34.816+0000] {processor.py:840} INFO - DAG(s) 'dog_api_pipeline' retrieved from /opt/airflow/dags/dog_api_pipeline.py
[2024-02-28T07:25:34.840+0000] {logging_mixin.py:188} INFO - [2024-02-28T07:25:34.839+0000] {dag.py:3033} INFO - Sync 1 DAGs
[2024-02-28T07:25:34.850+0000] {logging_mixin.py:188} INFO - [2024-02-28T07:25:34.850+0000] {dag.py:3820} INFO - Setting next_dagrun for dog_api_pipeline to None, run_after=None
[2024-02-28T07:25:34.869+0000] {processor.py:183} INFO - Processing /opt/airflow/dags/dog_api_pipeline.py took 0.063 seconds
[2024-02-28T07:26:04.993+0000] {processor.py:161} INFO - Started process (PID=930) to work on /opt/airflow/dags/dog_api_pipeline.py
[2024-02-28T07:26:04.993+0000] {processor.py:830} INFO - Processing file /opt/airflow/dags/dog_api_pipeline.py for tasks to queue
[2024-02-28T07:26:04.994+0000] {logging_mixin.py:188} INFO - [2024-02-28T07:26:04.994+0000] {dagbag.py:538} INFO - Filling up the DagBag from /opt/airflow/dags/dog_api_pipeline.py
[2024-02-28T07:26:05.002+0000] {processor.py:840} INFO - DAG(s) 'dog_api_pipeline' retrieved from /opt/airflow/dags/dog_api_pipeline.py
[2024-02-28T07:26:05.032+0000] {logging_mixin.py:188} INFO - [2024-02-28T07:26:05.032+0000] {dag.py:3033} INFO - Sync 1 DAGs
[2024-02-28T07:26:05.058+0000] {logging_mixin.py:188} INFO - [2024-02-28T07:26:05.057+0000] {dag.py:3820} INFO - Setting next_dagrun for dog_api_pipeline to None, run_after=None
[2024-02-28T07:26:05.090+0000] {processor.py:183} INFO - Processing /opt/airflow/dags/dog_api_pipeline.py took 0.100 seconds
[2024-02-28T07:26:35.141+0000] {processor.py:161} INFO - Started process (PID=951) to work on /opt/airflow/dags/dog_api_pipeline.py
[2024-02-28T07:26:35.142+0000] {processor.py:830} INFO - Processing file /opt/airflow/dags/dog_api_pipeline.py for tasks to queue
[2024-02-28T07:26:35.143+0000] {logging_mixin.py:188} INFO - [2024-02-28T07:26:35.142+0000] {dagbag.py:538} INFO - Filling up the DagBag from /opt/airflow/dags/dog_api_pipeline.py
[2024-02-28T07:26:35.149+0000] {processor.py:840} INFO - DAG(s) 'dog_api_pipeline' retrieved from /opt/airflow/dags/dog_api_pipeline.py
[2024-02-28T07:26:35.171+0000] {logging_mixin.py:188} INFO - [2024-02-28T07:26:35.171+0000] {dag.py:3033} INFO - Sync 1 DAGs
[2024-02-28T07:26:35.181+0000] {logging_mixin.py:188} INFO - [2024-02-28T07:26:35.181+0000] {dag.py:3820} INFO - Setting next_dagrun for dog_api_pipeline to None, run_after=None
[2024-02-28T07:26:35.199+0000] {processor.py:183} INFO - Processing /opt/airflow/dags/dog_api_pipeline.py took 0.060 seconds
[2024-02-28T07:27:05.293+0000] {processor.py:161} INFO - Started process (PID=972) to work on /opt/airflow/dags/dog_api_pipeline.py
[2024-02-28T07:27:05.294+0000] {processor.py:830} INFO - Processing file /opt/airflow/dags/dog_api_pipeline.py for tasks to queue
[2024-02-28T07:27:05.295+0000] {logging_mixin.py:188} INFO - [2024-02-28T07:27:05.295+0000] {dagbag.py:538} INFO - Filling up the DagBag from /opt/airflow/dags/dog_api_pipeline.py
[2024-02-28T07:27:05.301+0000] {processor.py:840} INFO - DAG(s) 'dog_api_pipeline' retrieved from /opt/airflow/dags/dog_api_pipeline.py
[2024-02-28T07:27:05.325+0000] {logging_mixin.py:188} INFO - [2024-02-28T07:27:05.325+0000] {dag.py:3033} INFO - Sync 1 DAGs
[2024-02-28T07:27:05.335+0000] {logging_mixin.py:188} INFO - [2024-02-28T07:27:05.335+0000] {dag.py:3820} INFO - Setting next_dagrun for dog_api_pipeline to None, run_after=None
[2024-02-28T07:27:05.355+0000] {processor.py:183} INFO - Processing /opt/airflow/dags/dog_api_pipeline.py took 0.065 seconds
[2024-02-28T07:27:35.425+0000] {processor.py:161} INFO - Started process (PID=1002) to work on /opt/airflow/dags/dog_api_pipeline.py
[2024-02-28T07:27:35.426+0000] {processor.py:830} INFO - Processing file /opt/airflow/dags/dog_api_pipeline.py for tasks to queue
[2024-02-28T07:27:35.426+0000] {logging_mixin.py:188} INFO - [2024-02-28T07:27:35.426+0000] {dagbag.py:538} INFO - Filling up the DagBag from /opt/airflow/dags/dog_api_pipeline.py
[2024-02-28T07:27:35.434+0000] {processor.py:840} INFO - DAG(s) 'dog_api_pipeline' retrieved from /opt/airflow/dags/dog_api_pipeline.py
[2024-02-28T07:27:35.456+0000] {logging_mixin.py:188} INFO - [2024-02-28T07:27:35.456+0000] {dag.py:3033} INFO - Sync 1 DAGs
[2024-02-28T07:27:35.468+0000] {logging_mixin.py:188} INFO - [2024-02-28T07:27:35.468+0000] {dag.py:3820} INFO - Setting next_dagrun for dog_api_pipeline to None, run_after=None
[2024-02-28T07:27:35.488+0000] {processor.py:183} INFO - Processing /opt/airflow/dags/dog_api_pipeline.py took 0.066 seconds
[2024-02-28T07:28:05.633+0000] {processor.py:161} INFO - Started process (PID=1024) to work on /opt/airflow/dags/dog_api_pipeline.py
[2024-02-28T07:28:05.633+0000] {processor.py:830} INFO - Processing file /opt/airflow/dags/dog_api_pipeline.py for tasks to queue
[2024-02-28T07:28:05.634+0000] {logging_mixin.py:188} INFO - [2024-02-28T07:28:05.634+0000] {dagbag.py:538} INFO - Filling up the DagBag from /opt/airflow/dags/dog_api_pipeline.py
[2024-02-28T07:28:05.641+0000] {processor.py:840} INFO - DAG(s) 'dog_api_pipeline' retrieved from /opt/airflow/dags/dog_api_pipeline.py
[2024-02-28T07:28:05.663+0000] {logging_mixin.py:188} INFO - [2024-02-28T07:28:05.662+0000] {dag.py:3033} INFO - Sync 1 DAGs
[2024-02-28T07:28:05.674+0000] {logging_mixin.py:188} INFO - [2024-02-28T07:28:05.674+0000] {dag.py:3820} INFO - Setting next_dagrun for dog_api_pipeline to None, run_after=None
[2024-02-28T07:28:05.693+0000] {processor.py:183} INFO - Processing /opt/airflow/dags/dog_api_pipeline.py took 0.063 seconds
[2024-02-28T07:28:35.764+0000] {processor.py:161} INFO - Started process (PID=1047) to work on /opt/airflow/dags/dog_api_pipeline.py
[2024-02-28T07:28:35.765+0000] {processor.py:830} INFO - Processing file /opt/airflow/dags/dog_api_pipeline.py for tasks to queue
[2024-02-28T07:28:35.766+0000] {logging_mixin.py:188} INFO - [2024-02-28T07:28:35.766+0000] {dagbag.py:538} INFO - Filling up the DagBag from /opt/airflow/dags/dog_api_pipeline.py
[2024-02-28T07:28:35.777+0000] {processor.py:840} INFO - DAG(s) 'dog_api_pipeline' retrieved from /opt/airflow/dags/dog_api_pipeline.py
[2024-02-28T07:28:35.806+0000] {logging_mixin.py:188} INFO - [2024-02-28T07:28:35.806+0000] {dag.py:3033} INFO - Sync 1 DAGs
[2024-02-28T07:28:35.817+0000] {logging_mixin.py:188} INFO - [2024-02-28T07:28:35.817+0000] {dag.py:3820} INFO - Setting next_dagrun for dog_api_pipeline to None, run_after=None
[2024-02-28T07:28:35.838+0000] {processor.py:183} INFO - Processing /opt/airflow/dags/dog_api_pipeline.py took 0.076 seconds
[2024-02-28T07:29:05.957+0000] {processor.py:161} INFO - Started process (PID=1078) to work on /opt/airflow/dags/dog_api_pipeline.py
[2024-02-28T07:29:05.958+0000] {processor.py:830} INFO - Processing file /opt/airflow/dags/dog_api_pipeline.py for tasks to queue
[2024-02-28T07:29:05.959+0000] {logging_mixin.py:188} INFO - [2024-02-28T07:29:05.958+0000] {dagbag.py:538} INFO - Filling up the DagBag from /opt/airflow/dags/dog_api_pipeline.py
[2024-02-28T07:29:05.967+0000] {processor.py:840} INFO - DAG(s) 'dog_api_pipeline' retrieved from /opt/airflow/dags/dog_api_pipeline.py
[2024-02-28T07:29:06.009+0000] {logging_mixin.py:188} INFO - [2024-02-28T07:29:06.009+0000] {dag.py:3033} INFO - Sync 1 DAGs
[2024-02-28T07:29:06.022+0000] {logging_mixin.py:188} INFO - [2024-02-28T07:29:06.022+0000] {dag.py:3820} INFO - Setting next_dagrun for dog_api_pipeline to None, run_after=None
[2024-02-28T07:29:06.048+0000] {processor.py:183} INFO - Processing /opt/airflow/dags/dog_api_pipeline.py took 0.093 seconds
[2024-02-28T07:29:36.111+0000] {processor.py:161} INFO - Started process (PID=1099) to work on /opt/airflow/dags/dog_api_pipeline.py
[2024-02-28T07:29:36.112+0000] {processor.py:830} INFO - Processing file /opt/airflow/dags/dog_api_pipeline.py for tasks to queue
[2024-02-28T07:29:36.112+0000] {logging_mixin.py:188} INFO - [2024-02-28T07:29:36.112+0000] {dagbag.py:538} INFO - Filling up the DagBag from /opt/airflow/dags/dog_api_pipeline.py
[2024-02-28T07:29:36.119+0000] {processor.py:840} INFO - DAG(s) 'dog_api_pipeline' retrieved from /opt/airflow/dags/dog_api_pipeline.py
[2024-02-28T07:29:36.141+0000] {logging_mixin.py:188} INFO - [2024-02-28T07:29:36.141+0000] {dag.py:3033} INFO - Sync 1 DAGs
[2024-02-28T07:29:36.151+0000] {logging_mixin.py:188} INFO - [2024-02-28T07:29:36.151+0000] {dag.py:3820} INFO - Setting next_dagrun for dog_api_pipeline to None, run_after=None
[2024-02-28T07:29:36.171+0000] {processor.py:183} INFO - Processing /opt/airflow/dags/dog_api_pipeline.py took 0.063 seconds
[2024-02-28T07:30:06.314+0000] {processor.py:161} INFO - Started process (PID=1128) to work on /opt/airflow/dags/dog_api_pipeline.py
[2024-02-28T07:30:06.315+0000] {processor.py:830} INFO - Processing file /opt/airflow/dags/dog_api_pipeline.py for tasks to queue
[2024-02-28T07:30:06.316+0000] {logging_mixin.py:188} INFO - [2024-02-28T07:30:06.316+0000] {dagbag.py:538} INFO - Filling up the DagBag from /opt/airflow/dags/dog_api_pipeline.py
[2024-02-28T07:30:06.325+0000] {processor.py:840} INFO - DAG(s) 'dog_api_pipeline' retrieved from /opt/airflow/dags/dog_api_pipeline.py
[2024-02-28T07:30:06.356+0000] {logging_mixin.py:188} INFO - [2024-02-28T07:30:06.355+0000] {dag.py:3033} INFO - Sync 1 DAGs
[2024-02-28T07:30:06.376+0000] {logging_mixin.py:188} INFO - [2024-02-28T07:30:06.376+0000] {dag.py:3820} INFO - Setting next_dagrun for dog_api_pipeline to None, run_after=None
[2024-02-28T07:30:06.401+0000] {processor.py:183} INFO - Processing /opt/airflow/dags/dog_api_pipeline.py took 0.090 seconds
[2024-02-28T07:30:36.492+0000] {processor.py:161} INFO - Started process (PID=1151) to work on /opt/airflow/dags/dog_api_pipeline.py
[2024-02-28T07:30:36.493+0000] {processor.py:830} INFO - Processing file /opt/airflow/dags/dog_api_pipeline.py for tasks to queue
[2024-02-28T07:30:36.494+0000] {logging_mixin.py:188} INFO - [2024-02-28T07:30:36.494+0000] {dagbag.py:538} INFO - Filling up the DagBag from /opt/airflow/dags/dog_api_pipeline.py
[2024-02-28T07:30:36.501+0000] {processor.py:840} INFO - DAG(s) 'dog_api_pipeline' retrieved from /opt/airflow/dags/dog_api_pipeline.py
[2024-02-28T07:30:36.524+0000] {logging_mixin.py:188} INFO - [2024-02-28T07:30:36.524+0000] {dag.py:3033} INFO - Sync 1 DAGs
[2024-02-28T07:30:36.535+0000] {logging_mixin.py:188} INFO - [2024-02-28T07:30:36.535+0000] {dag.py:3820} INFO - Setting next_dagrun for dog_api_pipeline to None, run_after=None
[2024-02-28T07:30:36.555+0000] {processor.py:183} INFO - Processing /opt/airflow/dags/dog_api_pipeline.py took 0.065 seconds
[2024-02-28T07:31:06.655+0000] {processor.py:161} INFO - Started process (PID=1173) to work on /opt/airflow/dags/dog_api_pipeline.py
[2024-02-28T07:31:06.656+0000] {processor.py:830} INFO - Processing file /opt/airflow/dags/dog_api_pipeline.py for tasks to queue
[2024-02-28T07:31:06.657+0000] {logging_mixin.py:188} INFO - [2024-02-28T07:31:06.656+0000] {dagbag.py:538} INFO - Filling up the DagBag from /opt/airflow/dags/dog_api_pipeline.py
[2024-02-28T07:31:06.663+0000] {processor.py:840} INFO - DAG(s) 'dog_api_pipeline' retrieved from /opt/airflow/dags/dog_api_pipeline.py
[2024-02-28T07:31:06.685+0000] {logging_mixin.py:188} INFO - [2024-02-28T07:31:06.685+0000] {dag.py:3033} INFO - Sync 1 DAGs
[2024-02-28T07:31:06.695+0000] {logging_mixin.py:188} INFO - [2024-02-28T07:31:06.695+0000] {dag.py:3820} INFO - Setting next_dagrun for dog_api_pipeline to None, run_after=None
[2024-02-28T07:31:06.714+0000] {processor.py:183} INFO - Processing /opt/airflow/dags/dog_api_pipeline.py took 0.062 seconds
[2024-02-28T07:31:36.819+0000] {processor.py:161} INFO - Started process (PID=1204) to work on /opt/airflow/dags/dog_api_pipeline.py
[2024-02-28T07:31:36.820+0000] {processor.py:830} INFO - Processing file /opt/airflow/dags/dog_api_pipeline.py for tasks to queue
[2024-02-28T07:31:36.821+0000] {logging_mixin.py:188} INFO - [2024-02-28T07:31:36.821+0000] {dagbag.py:538} INFO - Filling up the DagBag from /opt/airflow/dags/dog_api_pipeline.py
[2024-02-28T07:31:36.834+0000] {processor.py:840} INFO - DAG(s) 'dog_api_pipeline' retrieved from /opt/airflow/dags/dog_api_pipeline.py
[2024-02-28T07:31:36.897+0000] {logging_mixin.py:188} INFO - [2024-02-28T07:31:36.897+0000] {dag.py:3033} INFO - Sync 1 DAGs
[2024-02-28T07:31:36.942+0000] {logging_mixin.py:188} INFO - [2024-02-28T07:31:36.941+0000] {dag.py:3820} INFO - Setting next_dagrun for dog_api_pipeline to None, run_after=None
[2024-02-28T07:31:36.969+0000] {processor.py:183} INFO - Processing /opt/airflow/dags/dog_api_pipeline.py took 0.156 seconds
[2024-02-28T07:32:07.096+0000] {processor.py:161} INFO - Started process (PID=1227) to work on /opt/airflow/dags/dog_api_pipeline.py
[2024-02-28T07:32:07.097+0000] {processor.py:830} INFO - Processing file /opt/airflow/dags/dog_api_pipeline.py for tasks to queue
[2024-02-28T07:32:07.097+0000] {logging_mixin.py:188} INFO - [2024-02-28T07:32:07.097+0000] {dagbag.py:538} INFO - Filling up the DagBag from /opt/airflow/dags/dog_api_pipeline.py
[2024-02-28T07:32:07.104+0000] {processor.py:840} INFO - DAG(s) 'dog_api_pipeline' retrieved from /opt/airflow/dags/dog_api_pipeline.py
[2024-02-28T07:32:07.127+0000] {logging_mixin.py:188} INFO - [2024-02-28T07:32:07.127+0000] {dag.py:3033} INFO - Sync 1 DAGs
[2024-02-28T07:32:07.137+0000] {logging_mixin.py:188} INFO - [2024-02-28T07:32:07.137+0000] {dag.py:3820} INFO - Setting next_dagrun for dog_api_pipeline to None, run_after=None
[2024-02-28T07:32:07.158+0000] {processor.py:183} INFO - Processing /opt/airflow/dags/dog_api_pipeline.py took 0.064 seconds
[2024-02-28T07:32:37.220+0000] {processor.py:161} INFO - Started process (PID=1249) to work on /opt/airflow/dags/dog_api_pipeline.py
[2024-02-28T07:32:37.221+0000] {processor.py:830} INFO - Processing file /opt/airflow/dags/dog_api_pipeline.py for tasks to queue
[2024-02-28T07:32:37.222+0000] {logging_mixin.py:188} INFO - [2024-02-28T07:32:37.221+0000] {dagbag.py:538} INFO - Filling up the DagBag from /opt/airflow/dags/dog_api_pipeline.py
[2024-02-28T07:32:37.229+0000] {processor.py:840} INFO - DAG(s) 'dog_api_pipeline' retrieved from /opt/airflow/dags/dog_api_pipeline.py
[2024-02-28T07:32:37.251+0000] {logging_mixin.py:188} INFO - [2024-02-28T07:32:37.251+0000] {dag.py:3033} INFO - Sync 1 DAGs
[2024-02-28T07:32:37.262+0000] {logging_mixin.py:188} INFO - [2024-02-28T07:32:37.262+0000] {dag.py:3820} INFO - Setting next_dagrun for dog_api_pipeline to None, run_after=None
[2024-02-28T07:32:37.281+0000] {processor.py:183} INFO - Processing /opt/airflow/dags/dog_api_pipeline.py took 0.063 seconds
[2024-02-28T07:33:07.427+0000] {processor.py:161} INFO - Started process (PID=1279) to work on /opt/airflow/dags/dog_api_pipeline.py
[2024-02-28T07:33:07.428+0000] {processor.py:830} INFO - Processing file /opt/airflow/dags/dog_api_pipeline.py for tasks to queue
[2024-02-28T07:33:07.430+0000] {logging_mixin.py:188} INFO - [2024-02-28T07:33:07.430+0000] {dagbag.py:538} INFO - Filling up the DagBag from /opt/airflow/dags/dog_api_pipeline.py
[2024-02-28T07:33:07.439+0000] {processor.py:840} INFO - DAG(s) 'dog_api_pipeline' retrieved from /opt/airflow/dags/dog_api_pipeline.py
[2024-02-28T07:33:07.470+0000] {logging_mixin.py:188} INFO - [2024-02-28T07:33:07.470+0000] {dag.py:3033} INFO - Sync 1 DAGs
[2024-02-28T07:33:07.487+0000] {logging_mixin.py:188} INFO - [2024-02-28T07:33:07.487+0000] {dag.py:3820} INFO - Setting next_dagrun for dog_api_pipeline to None, run_after=None
[2024-02-28T07:33:07.513+0000] {processor.py:183} INFO - Processing /opt/airflow/dags/dog_api_pipeline.py took 0.090 seconds
[2024-02-28T07:33:37.551+0000] {processor.py:161} INFO - Started process (PID=1300) to work on /opt/airflow/dags/dog_api_pipeline.py
[2024-02-28T07:33:37.552+0000] {processor.py:830} INFO - Processing file /opt/airflow/dags/dog_api_pipeline.py for tasks to queue
[2024-02-28T07:33:37.552+0000] {logging_mixin.py:188} INFO - [2024-02-28T07:33:37.552+0000] {dagbag.py:538} INFO - Filling up the DagBag from /opt/airflow/dags/dog_api_pipeline.py
[2024-02-28T07:33:37.559+0000] {processor.py:840} INFO - DAG(s) 'dog_api_pipeline' retrieved from /opt/airflow/dags/dog_api_pipeline.py
[2024-02-28T07:33:37.581+0000] {logging_mixin.py:188} INFO - [2024-02-28T07:33:37.581+0000] {dag.py:3033} INFO - Sync 1 DAGs
[2024-02-28T07:33:37.591+0000] {logging_mixin.py:188} INFO - [2024-02-28T07:33:37.591+0000] {dag.py:3820} INFO - Setting next_dagrun for dog_api_pipeline to None, run_after=None
[2024-02-28T07:33:37.610+0000] {processor.py:183} INFO - Processing /opt/airflow/dags/dog_api_pipeline.py took 0.062 seconds
[2024-02-28T07:34:07.765+0000] {processor.py:161} INFO - Started process (PID=1323) to work on /opt/airflow/dags/dog_api_pipeline.py
[2024-02-28T07:34:07.765+0000] {processor.py:830} INFO - Processing file /opt/airflow/dags/dog_api_pipeline.py for tasks to queue
[2024-02-28T07:34:07.766+0000] {logging_mixin.py:188} INFO - [2024-02-28T07:34:07.766+0000] {dagbag.py:538} INFO - Filling up the DagBag from /opt/airflow/dags/dog_api_pipeline.py
[2024-02-28T07:34:07.773+0000] {processor.py:840} INFO - DAG(s) 'dog_api_pipeline' retrieved from /opt/airflow/dags/dog_api_pipeline.py
[2024-02-28T07:34:07.794+0000] {logging_mixin.py:188} INFO - [2024-02-28T07:34:07.794+0000] {dag.py:3033} INFO - Sync 1 DAGs
[2024-02-28T07:34:07.804+0000] {logging_mixin.py:188} INFO - [2024-02-28T07:34:07.804+0000] {dag.py:3820} INFO - Setting next_dagrun for dog_api_pipeline to None, run_after=None
[2024-02-28T07:34:07.823+0000] {processor.py:183} INFO - Processing /opt/airflow/dags/dog_api_pipeline.py took 0.062 seconds
[2024-02-28T07:34:37.919+0000] {processor.py:161} INFO - Started process (PID=1353) to work on /opt/airflow/dags/dog_api_pipeline.py
[2024-02-28T07:34:37.920+0000] {processor.py:830} INFO - Processing file /opt/airflow/dags/dog_api_pipeline.py for tasks to queue
[2024-02-28T07:34:37.921+0000] {logging_mixin.py:188} INFO - [2024-02-28T07:34:37.921+0000] {dagbag.py:538} INFO - Filling up the DagBag from /opt/airflow/dags/dog_api_pipeline.py
[2024-02-28T07:34:37.936+0000] {processor.py:840} INFO - DAG(s) 'dog_api_pipeline' retrieved from /opt/airflow/dags/dog_api_pipeline.py
[2024-02-28T07:34:37.967+0000] {logging_mixin.py:188} INFO - [2024-02-28T07:34:37.966+0000] {dag.py:3033} INFO - Sync 1 DAGs
[2024-02-28T07:34:37.982+0000] {logging_mixin.py:188} INFO - [2024-02-28T07:34:37.982+0000] {dag.py:3820} INFO - Setting next_dagrun for dog_api_pipeline to None, run_after=None
[2024-02-28T07:34:38.007+0000] {processor.py:183} INFO - Processing /opt/airflow/dags/dog_api_pipeline.py took 0.092 seconds
[2024-02-28T07:35:08.097+0000] {processor.py:161} INFO - Started process (PID=1375) to work on /opt/airflow/dags/dog_api_pipeline.py
[2024-02-28T07:35:08.098+0000] {processor.py:830} INFO - Processing file /opt/airflow/dags/dog_api_pipeline.py for tasks to queue
[2024-02-28T07:35:08.098+0000] {logging_mixin.py:188} INFO - [2024-02-28T07:35:08.098+0000] {dagbag.py:538} INFO - Filling up the DagBag from /opt/airflow/dags/dog_api_pipeline.py
[2024-02-28T07:35:08.105+0000] {processor.py:840} INFO - DAG(s) 'dog_api_pipeline' retrieved from /opt/airflow/dags/dog_api_pipeline.py
[2024-02-28T07:35:08.128+0000] {logging_mixin.py:188} INFO - [2024-02-28T07:35:08.127+0000] {dag.py:3033} INFO - Sync 1 DAGs
[2024-02-28T07:35:08.138+0000] {logging_mixin.py:188} INFO - [2024-02-28T07:35:08.138+0000] {dag.py:3820} INFO - Setting next_dagrun for dog_api_pipeline to None, run_after=None
[2024-02-28T07:35:08.158+0000] {processor.py:183} INFO - Processing /opt/airflow/dags/dog_api_pipeline.py took 0.064 seconds
[2024-02-28T07:35:38.253+0000] {processor.py:161} INFO - Started process (PID=1398) to work on /opt/airflow/dags/dog_api_pipeline.py
[2024-02-28T07:35:38.254+0000] {processor.py:830} INFO - Processing file /opt/airflow/dags/dog_api_pipeline.py for tasks to queue
[2024-02-28T07:35:38.255+0000] {logging_mixin.py:188} INFO - [2024-02-28T07:35:38.255+0000] {dagbag.py:538} INFO - Filling up the DagBag from /opt/airflow/dags/dog_api_pipeline.py
[2024-02-28T07:35:38.261+0000] {processor.py:840} INFO - DAG(s) 'dog_api_pipeline' retrieved from /opt/airflow/dags/dog_api_pipeline.py
[2024-02-28T07:35:38.283+0000] {logging_mixin.py:188} INFO - [2024-02-28T07:35:38.283+0000] {dag.py:3033} INFO - Sync 1 DAGs
[2024-02-28T07:35:38.293+0000] {logging_mixin.py:188} INFO - [2024-02-28T07:35:38.293+0000] {dag.py:3820} INFO - Setting next_dagrun for dog_api_pipeline to None, run_after=None
[2024-02-28T07:35:38.311+0000] {processor.py:183} INFO - Processing /opt/airflow/dags/dog_api_pipeline.py took 0.061 seconds
[2024-02-28T07:36:08.414+0000] {processor.py:161} INFO - Started process (PID=1427) to work on /opt/airflow/dags/dog_api_pipeline.py
[2024-02-28T07:36:08.416+0000] {processor.py:830} INFO - Processing file /opt/airflow/dags/dog_api_pipeline.py for tasks to queue
[2024-02-28T07:36:08.418+0000] {logging_mixin.py:188} INFO - [2024-02-28T07:36:08.417+0000] {dagbag.py:538} INFO - Filling up the DagBag from /opt/airflow/dags/dog_api_pipeline.py
[2024-02-28T07:36:08.438+0000] {processor.py:840} INFO - DAG(s) 'dog_api_pipeline' retrieved from /opt/airflow/dags/dog_api_pipeline.py
[2024-02-28T07:36:08.513+0000] {logging_mixin.py:188} INFO - [2024-02-28T07:36:08.513+0000] {dag.py:3033} INFO - Sync 1 DAGs
[2024-02-28T07:36:08.529+0000] {logging_mixin.py:188} INFO - [2024-02-28T07:36:08.528+0000] {dag.py:3820} INFO - Setting next_dagrun for dog_api_pipeline to None, run_after=None
[2024-02-28T07:36:08.552+0000] {processor.py:183} INFO - Processing /opt/airflow/dags/dog_api_pipeline.py took 0.142 seconds
[2024-02-28T07:36:38.703+0000] {processor.py:161} INFO - Started process (PID=1451) to work on /opt/airflow/dags/dog_api_pipeline.py
[2024-02-28T07:36:38.704+0000] {processor.py:830} INFO - Processing file /opt/airflow/dags/dog_api_pipeline.py for tasks to queue
[2024-02-28T07:36:38.705+0000] {logging_mixin.py:188} INFO - [2024-02-28T07:36:38.704+0000] {dagbag.py:538} INFO - Filling up the DagBag from /opt/airflow/dags/dog_api_pipeline.py
[2024-02-28T07:36:38.711+0000] {processor.py:840} INFO - DAG(s) 'dog_api_pipeline' retrieved from /opt/airflow/dags/dog_api_pipeline.py
[2024-02-28T07:36:38.734+0000] {logging_mixin.py:188} INFO - [2024-02-28T07:36:38.734+0000] {dag.py:3033} INFO - Sync 1 DAGs
[2024-02-28T07:36:38.744+0000] {logging_mixin.py:188} INFO - [2024-02-28T07:36:38.744+0000] {dag.py:3820} INFO - Setting next_dagrun for dog_api_pipeline to None, run_after=None
[2024-02-28T07:36:38.764+0000] {processor.py:183} INFO - Processing /opt/airflow/dags/dog_api_pipeline.py took 0.063 seconds
[2024-02-28T07:37:08.845+0000] {processor.py:161} INFO - Started process (PID=1473) to work on /opt/airflow/dags/dog_api_pipeline.py
[2024-02-28T07:37:08.846+0000] {processor.py:830} INFO - Processing file /opt/airflow/dags/dog_api_pipeline.py for tasks to queue
[2024-02-28T07:37:08.847+0000] {logging_mixin.py:188} INFO - [2024-02-28T07:37:08.847+0000] {dagbag.py:538} INFO - Filling up the DagBag from /opt/airflow/dags/dog_api_pipeline.py
[2024-02-28T07:37:08.854+0000] {processor.py:840} INFO - DAG(s) 'dog_api_pipeline' retrieved from /opt/airflow/dags/dog_api_pipeline.py
[2024-02-28T07:37:08.876+0000] {logging_mixin.py:188} INFO - [2024-02-28T07:37:08.876+0000] {dag.py:3033} INFO - Sync 1 DAGs
[2024-02-28T07:37:08.886+0000] {logging_mixin.py:188} INFO - [2024-02-28T07:37:08.886+0000] {dag.py:3820} INFO - Setting next_dagrun for dog_api_pipeline to None, run_after=None
[2024-02-28T07:37:08.906+0000] {processor.py:183} INFO - Processing /opt/airflow/dags/dog_api_pipeline.py took 0.064 seconds
[2024-02-28T07:37:39.051+0000] {processor.py:161} INFO - Started process (PID=1503) to work on /opt/airflow/dags/dog_api_pipeline.py
[2024-02-28T07:37:39.053+0000] {processor.py:830} INFO - Processing file /opt/airflow/dags/dog_api_pipeline.py for tasks to queue
[2024-02-28T07:37:39.054+0000] {logging_mixin.py:188} INFO - [2024-02-28T07:37:39.054+0000] {dagbag.py:538} INFO - Filling up the DagBag from /opt/airflow/dags/dog_api_pipeline.py
[2024-02-28T07:37:39.073+0000] {processor.py:840} INFO - DAG(s) 'dog_api_pipeline' retrieved from /opt/airflow/dags/dog_api_pipeline.py
[2024-02-28T07:37:39.127+0000] {logging_mixin.py:188} INFO - [2024-02-28T07:37:39.127+0000] {dag.py:3033} INFO - Sync 1 DAGs
[2024-02-28T07:37:39.175+0000] {logging_mixin.py:188} INFO - [2024-02-28T07:37:39.174+0000] {dag.py:3820} INFO - Setting next_dagrun for dog_api_pipeline to None, run_after=None
[2024-02-28T07:37:39.230+0000] {processor.py:183} INFO - Processing /opt/airflow/dags/dog_api_pipeline.py took 0.183 seconds
[2024-02-28T07:38:09.348+0000] {processor.py:161} INFO - Started process (PID=1526) to work on /opt/airflow/dags/dog_api_pipeline.py
[2024-02-28T07:38:09.349+0000] {processor.py:830} INFO - Processing file /opt/airflow/dags/dog_api_pipeline.py for tasks to queue
[2024-02-28T07:38:09.350+0000] {logging_mixin.py:188} INFO - [2024-02-28T07:38:09.350+0000] {dagbag.py:538} INFO - Filling up the DagBag from /opt/airflow/dags/dog_api_pipeline.py
[2024-02-28T07:38:09.357+0000] {processor.py:840} INFO - DAG(s) 'dog_api_pipeline' retrieved from /opt/airflow/dags/dog_api_pipeline.py
[2024-02-28T07:38:09.379+0000] {logging_mixin.py:188} INFO - [2024-02-28T07:38:09.379+0000] {dag.py:3033} INFO - Sync 1 DAGs
[2024-02-28T07:38:09.389+0000] {logging_mixin.py:188} INFO - [2024-02-28T07:38:09.389+0000] {dag.py:3820} INFO - Setting next_dagrun for dog_api_pipeline to None, run_after=None
[2024-02-28T07:38:09.407+0000] {processor.py:183} INFO - Processing /opt/airflow/dags/dog_api_pipeline.py took 0.061 seconds
[2024-02-28T07:38:39.472+0000] {processor.py:161} INFO - Started process (PID=1548) to work on /opt/airflow/dags/dog_api_pipeline.py
[2024-02-28T07:38:39.473+0000] {processor.py:830} INFO - Processing file /opt/airflow/dags/dog_api_pipeline.py for tasks to queue
[2024-02-28T07:38:39.473+0000] {logging_mixin.py:188} INFO - [2024-02-28T07:38:39.473+0000] {dagbag.py:538} INFO - Filling up the DagBag from /opt/airflow/dags/dog_api_pipeline.py
[2024-02-28T07:38:39.481+0000] {processor.py:840} INFO - DAG(s) 'dog_api_pipeline' retrieved from /opt/airflow/dags/dog_api_pipeline.py
[2024-02-28T07:38:39.502+0000] {logging_mixin.py:188} INFO - [2024-02-28T07:38:39.502+0000] {dag.py:3033} INFO - Sync 1 DAGs
[2024-02-28T07:38:39.512+0000] {logging_mixin.py:188} INFO - [2024-02-28T07:38:39.512+0000] {dag.py:3820} INFO - Setting next_dagrun for dog_api_pipeline to None, run_after=None
[2024-02-28T07:38:39.533+0000] {processor.py:183} INFO - Processing /opt/airflow/dags/dog_api_pipeline.py took 0.063 seconds
[2024-02-28T07:39:09.693+0000] {processor.py:161} INFO - Started process (PID=1577) to work on /opt/airflow/dags/dog_api_pipeline.py
[2024-02-28T07:39:09.694+0000] {processor.py:830} INFO - Processing file /opt/airflow/dags/dog_api_pipeline.py for tasks to queue
[2024-02-28T07:39:09.695+0000] {logging_mixin.py:188} INFO - [2024-02-28T07:39:09.694+0000] {dagbag.py:538} INFO - Filling up the DagBag from /opt/airflow/dags/dog_api_pipeline.py
[2024-02-28T07:39:09.702+0000] {processor.py:840} INFO - DAG(s) 'dog_api_pipeline' retrieved from /opt/airflow/dags/dog_api_pipeline.py
[2024-02-28T07:39:09.732+0000] {logging_mixin.py:188} INFO - [2024-02-28T07:39:09.732+0000] {dag.py:3033} INFO - Sync 1 DAGs
[2024-02-28T07:39:09.742+0000] {logging_mixin.py:188} INFO - [2024-02-28T07:39:09.742+0000] {dag.py:3820} INFO - Setting next_dagrun for dog_api_pipeline to None, run_after=None
[2024-02-28T07:39:09.761+0000] {processor.py:183} INFO - Processing /opt/airflow/dags/dog_api_pipeline.py took 0.072 seconds
[2024-02-28T07:39:39.829+0000] {processor.py:161} INFO - Started process (PID=1600) to work on /opt/airflow/dags/dog_api_pipeline.py
[2024-02-28T07:39:39.830+0000] {processor.py:830} INFO - Processing file /opt/airflow/dags/dog_api_pipeline.py for tasks to queue
[2024-02-28T07:39:39.831+0000] {logging_mixin.py:188} INFO - [2024-02-28T07:39:39.831+0000] {dagbag.py:538} INFO - Filling up the DagBag from /opt/airflow/dags/dog_api_pipeline.py
[2024-02-28T07:39:39.838+0000] {processor.py:840} INFO - DAG(s) 'dog_api_pipeline' retrieved from /opt/airflow/dags/dog_api_pipeline.py
[2024-02-28T07:39:39.860+0000] {logging_mixin.py:188} INFO - [2024-02-28T07:39:39.860+0000] {dag.py:3033} INFO - Sync 1 DAGs
[2024-02-28T07:39:39.871+0000] {logging_mixin.py:188} INFO - [2024-02-28T07:39:39.871+0000] {dag.py:3820} INFO - Setting next_dagrun for dog_api_pipeline to None, run_after=None
[2024-02-28T07:39:39.891+0000] {processor.py:183} INFO - Processing /opt/airflow/dags/dog_api_pipeline.py took 0.065 seconds
[2024-02-28T07:40:10.019+0000] {processor.py:161} INFO - Started process (PID=1623) to work on /opt/airflow/dags/dog_api_pipeline.py
[2024-02-28T07:40:10.020+0000] {processor.py:830} INFO - Processing file /opt/airflow/dags/dog_api_pipeline.py for tasks to queue
[2024-02-28T07:40:10.021+0000] {logging_mixin.py:188} INFO - [2024-02-28T07:40:10.021+0000] {dagbag.py:538} INFO - Filling up the DagBag from /opt/airflow/dags/dog_api_pipeline.py
[2024-02-28T07:40:10.032+0000] {processor.py:840} INFO - DAG(s) 'dog_api_pipeline' retrieved from /opt/airflow/dags/dog_api_pipeline.py
[2024-02-28T07:40:10.061+0000] {logging_mixin.py:188} INFO - [2024-02-28T07:40:10.061+0000] {dag.py:3033} INFO - Sync 1 DAGs
[2024-02-28T07:40:10.077+0000] {logging_mixin.py:188} INFO - [2024-02-28T07:40:10.077+0000] {dag.py:3820} INFO - Setting next_dagrun for dog_api_pipeline to None, run_after=None
[2024-02-28T07:40:10.101+0000] {processor.py:183} INFO - Processing /opt/airflow/dags/dog_api_pipeline.py took 0.085 seconds
[2024-02-28T07:40:40.158+0000] {processor.py:161} INFO - Started process (PID=1653) to work on /opt/airflow/dags/dog_api_pipeline.py
[2024-02-28T07:40:40.158+0000] {processor.py:830} INFO - Processing file /opt/airflow/dags/dog_api_pipeline.py for tasks to queue
[2024-02-28T07:40:40.159+0000] {logging_mixin.py:188} INFO - [2024-02-28T07:40:40.159+0000] {dagbag.py:538} INFO - Filling up the DagBag from /opt/airflow/dags/dog_api_pipeline.py
[2024-02-28T07:40:40.166+0000] {processor.py:840} INFO - DAG(s) 'dog_api_pipeline' retrieved from /opt/airflow/dags/dog_api_pipeline.py
[2024-02-28T07:40:40.188+0000] {logging_mixin.py:188} INFO - [2024-02-28T07:40:40.188+0000] {dag.py:3033} INFO - Sync 1 DAGs
[2024-02-28T07:40:40.199+0000] {logging_mixin.py:188} INFO - [2024-02-28T07:40:40.199+0000] {dag.py:3820} INFO - Setting next_dagrun for dog_api_pipeline to None, run_after=None
[2024-02-28T07:40:40.218+0000] {processor.py:183} INFO - Processing /opt/airflow/dags/dog_api_pipeline.py took 0.063 seconds
[2024-02-28T07:41:10.348+0000] {processor.py:161} INFO - Started process (PID=1675) to work on /opt/airflow/dags/dog_api_pipeline.py
[2024-02-28T07:41:10.349+0000] {processor.py:830} INFO - Processing file /opt/airflow/dags/dog_api_pipeline.py for tasks to queue
[2024-02-28T07:41:10.349+0000] {logging_mixin.py:188} INFO - [2024-02-28T07:41:10.349+0000] {dagbag.py:538} INFO - Filling up the DagBag from /opt/airflow/dags/dog_api_pipeline.py
[2024-02-28T07:41:10.356+0000] {processor.py:840} INFO - DAG(s) 'dog_api_pipeline' retrieved from /opt/airflow/dags/dog_api_pipeline.py
[2024-02-28T07:41:10.377+0000] {logging_mixin.py:188} INFO - [2024-02-28T07:41:10.377+0000] {dag.py:3033} INFO - Sync 1 DAGs
[2024-02-28T07:41:10.388+0000] {logging_mixin.py:188} INFO - [2024-02-28T07:41:10.388+0000] {dag.py:3820} INFO - Setting next_dagrun for dog_api_pipeline to None, run_after=None
[2024-02-28T07:41:10.406+0000] {processor.py:183} INFO - Processing /opt/airflow/dags/dog_api_pipeline.py took 0.061 seconds
[2024-02-28T07:41:40.478+0000] {processor.py:161} INFO - Started process (PID=1696) to work on /opt/airflow/dags/dog_api_pipeline.py
[2024-02-28T07:41:40.478+0000] {processor.py:830} INFO - Processing file /opt/airflow/dags/dog_api_pipeline.py for tasks to queue
[2024-02-28T07:41:40.479+0000] {logging_mixin.py:188} INFO - [2024-02-28T07:41:40.479+0000] {dagbag.py:538} INFO - Filling up the DagBag from /opt/airflow/dags/dog_api_pipeline.py
[2024-02-28T07:41:40.486+0000] {processor.py:840} INFO - DAG(s) 'dog_api_pipeline' retrieved from /opt/airflow/dags/dog_api_pipeline.py
[2024-02-28T07:41:40.509+0000] {logging_mixin.py:188} INFO - [2024-02-28T07:41:40.509+0000] {dag.py:3033} INFO - Sync 1 DAGs
[2024-02-28T07:41:40.519+0000] {logging_mixin.py:188} INFO - [2024-02-28T07:41:40.519+0000] {dag.py:3820} INFO - Setting next_dagrun for dog_api_pipeline to None, run_after=None
[2024-02-28T07:41:40.538+0000] {processor.py:183} INFO - Processing /opt/airflow/dags/dog_api_pipeline.py took 0.063 seconds
[2024-02-28T07:42:10.651+0000] {processor.py:161} INFO - Started process (PID=1726) to work on /opt/airflow/dags/dog_api_pipeline.py
[2024-02-28T07:42:10.652+0000] {processor.py:830} INFO - Processing file /opt/airflow/dags/dog_api_pipeline.py for tasks to queue
[2024-02-28T07:42:10.653+0000] {logging_mixin.py:188} INFO - [2024-02-28T07:42:10.652+0000] {dagbag.py:538} INFO - Filling up the DagBag from /opt/airflow/dags/dog_api_pipeline.py
[2024-02-28T07:42:10.659+0000] {processor.py:840} INFO - DAG(s) 'dog_api_pipeline' retrieved from /opt/airflow/dags/dog_api_pipeline.py
[2024-02-28T07:42:10.682+0000] {logging_mixin.py:188} INFO - [2024-02-28T07:42:10.681+0000] {dag.py:3033} INFO - Sync 1 DAGs
[2024-02-28T07:42:10.692+0000] {logging_mixin.py:188} INFO - [2024-02-28T07:42:10.692+0000] {dag.py:3820} INFO - Setting next_dagrun for dog_api_pipeline to None, run_after=None
[2024-02-28T07:42:10.711+0000] {processor.py:183} INFO - Processing /opt/airflow/dags/dog_api_pipeline.py took 0.063 seconds
[2024-02-28T07:42:40.800+0000] {processor.py:161} INFO - Started process (PID=1749) to work on /opt/airflow/dags/dog_api_pipeline.py
[2024-02-28T07:42:40.801+0000] {processor.py:830} INFO - Processing file /opt/airflow/dags/dog_api_pipeline.py for tasks to queue
[2024-02-28T07:42:40.801+0000] {logging_mixin.py:188} INFO - [2024-02-28T07:42:40.801+0000] {dagbag.py:538} INFO - Filling up the DagBag from /opt/airflow/dags/dog_api_pipeline.py
[2024-02-28T07:42:40.808+0000] {processor.py:840} INFO - DAG(s) 'dog_api_pipeline' retrieved from /opt/airflow/dags/dog_api_pipeline.py
[2024-02-28T07:42:40.831+0000] {logging_mixin.py:188} INFO - [2024-02-28T07:42:40.831+0000] {dag.py:3033} INFO - Sync 1 DAGs
[2024-02-28T07:42:40.844+0000] {logging_mixin.py:188} INFO - [2024-02-28T07:42:40.844+0000] {dag.py:3820} INFO - Setting next_dagrun for dog_api_pipeline to None, run_after=None
[2024-02-28T07:42:40.867+0000] {processor.py:183} INFO - Processing /opt/airflow/dags/dog_api_pipeline.py took 0.070 seconds
[2024-02-28T07:43:10.968+0000] {processor.py:161} INFO - Started process (PID=1780) to work on /opt/airflow/dags/dog_api_pipeline.py
[2024-02-28T07:43:10.969+0000] {processor.py:830} INFO - Processing file /opt/airflow/dags/dog_api_pipeline.py for tasks to queue
[2024-02-28T07:43:10.970+0000] {logging_mixin.py:188} INFO - [2024-02-28T07:43:10.970+0000] {dagbag.py:538} INFO - Filling up the DagBag from /opt/airflow/dags/dog_api_pipeline.py
[2024-02-28T07:43:10.980+0000] {processor.py:840} INFO - DAG(s) 'dog_api_pipeline' retrieved from /opt/airflow/dags/dog_api_pipeline.py
[2024-02-28T07:43:11.012+0000] {logging_mixin.py:188} INFO - [2024-02-28T07:43:11.011+0000] {dag.py:3033} INFO - Sync 1 DAGs
[2024-02-28T07:43:11.027+0000] {logging_mixin.py:188} INFO - [2024-02-28T07:43:11.026+0000] {dag.py:3820} INFO - Setting next_dagrun for dog_api_pipeline to None, run_after=None
[2024-02-28T07:43:11.052+0000] {processor.py:183} INFO - Processing /opt/airflow/dags/dog_api_pipeline.py took 0.087 seconds
[2024-02-28T07:43:41.097+0000] {processor.py:161} INFO - Started process (PID=1802) to work on /opt/airflow/dags/dog_api_pipeline.py
[2024-02-28T07:43:41.097+0000] {processor.py:830} INFO - Processing file /opt/airflow/dags/dog_api_pipeline.py for tasks to queue
[2024-02-28T07:43:41.098+0000] {logging_mixin.py:188} INFO - [2024-02-28T07:43:41.098+0000] {dagbag.py:538} INFO - Filling up the DagBag from /opt/airflow/dags/dog_api_pipeline.py
[2024-02-28T07:43:41.105+0000] {processor.py:840} INFO - DAG(s) 'dog_api_pipeline' retrieved from /opt/airflow/dags/dog_api_pipeline.py
[2024-02-28T07:43:41.126+0000] {logging_mixin.py:188} INFO - [2024-02-28T07:43:41.126+0000] {dag.py:3033} INFO - Sync 1 DAGs
[2024-02-28T07:43:41.137+0000] {logging_mixin.py:188} INFO - [2024-02-28T07:43:41.136+0000] {dag.py:3820} INFO - Setting next_dagrun for dog_api_pipeline to None, run_after=None
[2024-02-28T07:43:41.155+0000] {processor.py:183} INFO - Processing /opt/airflow/dags/dog_api_pipeline.py took 0.061 seconds
[2024-02-28T07:44:11.236+0000] {processor.py:161} INFO - Started process (PID=1824) to work on /opt/airflow/dags/dog_api_pipeline.py
[2024-02-28T07:44:11.237+0000] {processor.py:830} INFO - Processing file /opt/airflow/dags/dog_api_pipeline.py for tasks to queue
[2024-02-28T07:44:11.238+0000] {logging_mixin.py:188} INFO - [2024-02-28T07:44:11.237+0000] {dagbag.py:538} INFO - Filling up the DagBag from /opt/airflow/dags/dog_api_pipeline.py
[2024-02-28T07:44:11.246+0000] {processor.py:840} INFO - DAG(s) 'dog_api_pipeline' retrieved from /opt/airflow/dags/dog_api_pipeline.py
[2024-02-28T07:44:11.268+0000] {logging_mixin.py:188} INFO - [2024-02-28T07:44:11.267+0000] {dag.py:3033} INFO - Sync 1 DAGs
[2024-02-28T07:44:11.279+0000] {logging_mixin.py:188} INFO - [2024-02-28T07:44:11.279+0000] {dag.py:3820} INFO - Setting next_dagrun for dog_api_pipeline to None, run_after=None
[2024-02-28T07:44:11.298+0000] {processor.py:183} INFO - Processing /opt/airflow/dags/dog_api_pipeline.py took 0.065 seconds
[2024-02-28T07:44:41.387+0000] {processor.py:161} INFO - Started process (PID=1855) to work on /opt/airflow/dags/dog_api_pipeline.py
[2024-02-28T07:44:41.388+0000] {processor.py:830} INFO - Processing file /opt/airflow/dags/dog_api_pipeline.py for tasks to queue
[2024-02-28T07:44:41.389+0000] {logging_mixin.py:188} INFO - [2024-02-28T07:44:41.388+0000] {dagbag.py:538} INFO - Filling up the DagBag from /opt/airflow/dags/dog_api_pipeline.py
[2024-02-28T07:44:41.398+0000] {processor.py:840} INFO - DAG(s) 'dog_api_pipeline' retrieved from /opt/airflow/dags/dog_api_pipeline.py
[2024-02-28T07:44:41.433+0000] {logging_mixin.py:188} INFO - [2024-02-28T07:44:41.433+0000] {dag.py:3033} INFO - Sync 1 DAGs
[2024-02-28T07:44:41.449+0000] {logging_mixin.py:188} INFO - [2024-02-28T07:44:41.449+0000] {dag.py:3820} INFO - Setting next_dagrun for dog_api_pipeline to None, run_after=None
[2024-02-28T07:44:41.474+0000] {processor.py:183} INFO - Processing /opt/airflow/dags/dog_api_pipeline.py took 0.091 seconds
[2024-02-28T07:45:11.546+0000] {processor.py:161} INFO - Started process (PID=1877) to work on /opt/airflow/dags/dog_api_pipeline.py
[2024-02-28T07:45:11.547+0000] {processor.py:830} INFO - Processing file /opt/airflow/dags/dog_api_pipeline.py for tasks to queue
[2024-02-28T07:45:11.547+0000] {logging_mixin.py:188} INFO - [2024-02-28T07:45:11.547+0000] {dagbag.py:538} INFO - Filling up the DagBag from /opt/airflow/dags/dog_api_pipeline.py
[2024-02-28T07:45:11.554+0000] {processor.py:840} INFO - DAG(s) 'dog_api_pipeline' retrieved from /opt/airflow/dags/dog_api_pipeline.py
[2024-02-28T07:45:11.578+0000] {logging_mixin.py:188} INFO - [2024-02-28T07:45:11.578+0000] {dag.py:3033} INFO - Sync 1 DAGs
[2024-02-28T07:45:11.588+0000] {logging_mixin.py:188} INFO - [2024-02-28T07:45:11.588+0000] {dag.py:3820} INFO - Setting next_dagrun for dog_api_pipeline to None, run_after=None
[2024-02-28T07:45:11.610+0000] {processor.py:183} INFO - Processing /opt/airflow/dags/dog_api_pipeline.py took 0.066 seconds
[2024-02-28T07:45:41.710+0000] {processor.py:161} INFO - Started process (PID=1899) to work on /opt/airflow/dags/dog_api_pipeline.py
[2024-02-28T07:45:41.711+0000] {processor.py:830} INFO - Processing file /opt/airflow/dags/dog_api_pipeline.py for tasks to queue
[2024-02-28T07:45:41.712+0000] {logging_mixin.py:188} INFO - [2024-02-28T07:45:41.711+0000] {dagbag.py:538} INFO - Filling up the DagBag from /opt/airflow/dags/dog_api_pipeline.py
[2024-02-28T07:45:41.719+0000] {processor.py:840} INFO - DAG(s) 'dog_api_pipeline' retrieved from /opt/airflow/dags/dog_api_pipeline.py
[2024-02-28T07:45:41.756+0000] {logging_mixin.py:188} INFO - [2024-02-28T07:45:41.756+0000] {dag.py:3033} INFO - Sync 1 DAGs
[2024-02-28T07:45:41.779+0000] {logging_mixin.py:188} INFO - [2024-02-28T07:45:41.778+0000] {dag.py:3820} INFO - Setting next_dagrun for dog_api_pipeline to None, run_after=None
[2024-02-28T07:45:41.817+0000] {processor.py:183} INFO - Processing /opt/airflow/dags/dog_api_pipeline.py took 0.109 seconds
[2024-02-28T07:46:11.975+0000] {processor.py:161} INFO - Started process (PID=1929) to work on /opt/airflow/dags/dog_api_pipeline.py
[2024-02-28T07:46:11.976+0000] {processor.py:830} INFO - Processing file /opt/airflow/dags/dog_api_pipeline.py for tasks to queue
[2024-02-28T07:46:11.977+0000] {logging_mixin.py:188} INFO - [2024-02-28T07:46:11.977+0000] {dagbag.py:538} INFO - Filling up the DagBag from /opt/airflow/dags/dog_api_pipeline.py
[2024-02-28T07:46:11.988+0000] {processor.py:840} INFO - DAG(s) 'dog_api_pipeline' retrieved from /opt/airflow/dags/dog_api_pipeline.py
[2024-02-28T07:46:12.024+0000] {logging_mixin.py:188} INFO - [2024-02-28T07:46:12.024+0000] {dag.py:3033} INFO - Sync 1 DAGs
[2024-02-28T07:46:12.039+0000] {logging_mixin.py:188} INFO - [2024-02-28T07:46:12.039+0000] {dag.py:3820} INFO - Setting next_dagrun for dog_api_pipeline to None, run_after=None
[2024-02-28T07:46:12.073+0000] {processor.py:183} INFO - Processing /opt/airflow/dags/dog_api_pipeline.py took 0.101 seconds
[2024-02-28T07:46:42.236+0000] {processor.py:161} INFO - Started process (PID=1950) to work on /opt/airflow/dags/dog_api_pipeline.py
[2024-02-28T07:46:42.237+0000] {processor.py:830} INFO - Processing file /opt/airflow/dags/dog_api_pipeline.py for tasks to queue
[2024-02-28T07:46:42.238+0000] {logging_mixin.py:188} INFO - [2024-02-28T07:46:42.238+0000] {dagbag.py:538} INFO - Filling up the DagBag from /opt/airflow/dags/dog_api_pipeline.py
[2024-02-28T07:46:42.248+0000] {processor.py:840} INFO - DAG(s) 'dog_api_pipeline' retrieved from /opt/airflow/dags/dog_api_pipeline.py
[2024-02-28T07:46:42.279+0000] {logging_mixin.py:188} INFO - [2024-02-28T07:46:42.279+0000] {dag.py:3033} INFO - Sync 1 DAGs
[2024-02-28T07:46:42.294+0000] {logging_mixin.py:188} INFO - [2024-02-28T07:46:42.294+0000] {dag.py:3820} INFO - Setting next_dagrun for dog_api_pipeline to None, run_after=None
[2024-02-28T07:46:42.313+0000] {processor.py:183} INFO - Processing /opt/airflow/dags/dog_api_pipeline.py took 0.080 seconds
[2024-02-28T07:47:12.349+0000] {processor.py:161} INFO - Started process (PID=1973) to work on /opt/airflow/dags/dog_api_pipeline.py
[2024-02-28T07:47:12.350+0000] {processor.py:830} INFO - Processing file /opt/airflow/dags/dog_api_pipeline.py for tasks to queue
[2024-02-28T07:47:12.350+0000] {logging_mixin.py:188} INFO - [2024-02-28T07:47:12.350+0000] {dagbag.py:538} INFO - Filling up the DagBag from /opt/airflow/dags/dog_api_pipeline.py
[2024-02-28T07:47:12.357+0000] {processor.py:840} INFO - DAG(s) 'dog_api_pipeline' retrieved from /opt/airflow/dags/dog_api_pipeline.py
[2024-02-28T07:47:12.380+0000] {logging_mixin.py:188} INFO - [2024-02-28T07:47:12.379+0000] {dag.py:3033} INFO - Sync 1 DAGs
[2024-02-28T07:47:12.390+0000] {logging_mixin.py:188} INFO - [2024-02-28T07:47:12.390+0000] {dag.py:3820} INFO - Setting next_dagrun for dog_api_pipeline to None, run_after=None
[2024-02-28T07:47:12.414+0000] {processor.py:183} INFO - Processing /opt/airflow/dags/dog_api_pipeline.py took 0.067 seconds
[2024-02-28T07:47:42.574+0000] {processor.py:161} INFO - Started process (PID=2004) to work on /opt/airflow/dags/dog_api_pipeline.py
[2024-02-28T07:47:42.575+0000] {processor.py:830} INFO - Processing file /opt/airflow/dags/dog_api_pipeline.py for tasks to queue
[2024-02-28T07:47:42.577+0000] {logging_mixin.py:188} INFO - [2024-02-28T07:47:42.576+0000] {dagbag.py:538} INFO - Filling up the DagBag from /opt/airflow/dags/dog_api_pipeline.py
[2024-02-28T07:47:42.599+0000] {processor.py:840} INFO - DAG(s) 'dog_api_pipeline' retrieved from /opt/airflow/dags/dog_api_pipeline.py
[2024-02-28T07:47:42.647+0000] {logging_mixin.py:188} INFO - [2024-02-28T07:47:42.647+0000] {dag.py:3033} INFO - Sync 1 DAGs
[2024-02-28T07:47:42.666+0000] {logging_mixin.py:188} INFO - [2024-02-28T07:47:42.666+0000] {dag.py:3820} INFO - Setting next_dagrun for dog_api_pipeline to None, run_after=None
[2024-02-28T07:47:42.690+0000] {processor.py:183} INFO - Processing /opt/airflow/dags/dog_api_pipeline.py took 0.131 seconds
